0.0004 	WARNING 	Monitor specification not found. Creating a temporary one...
25.7872 	DATA 	Keypress: space
29.8821 	DATA 	Keypress: space
36.4614 	DATA 	Keypress: space
39.1981 	DATA 	Keypress: f
41.0549 	DATA 	Keypress: j
43.3051 	DATA 	Keypress: f
45.5544 	DATA 	Keypress: f
47.5222 	DATA 	Keypress: f
50.1046 	DATA 	Keypress: j
52.3549 	DATA 	Keypress: j
54.2587 	DATA 	Keypress: f
56.4085 	DATA 	Keypress: f
58.6911 	DATA 	Keypress: f
60.9754 	DATA 	Keypress: f
63.2749 	DATA 	Keypress: j
65.4750 	DATA 	Keypress: j
67.7246 	DATA 	Keypress: j
70.1209 	DATA 	Keypress: j
72.1528 	DATA 	Keypress: j
74.4089 	DATA 	Keypress: j
76.6601 	DATA 	Keypress: j
78.9915 	DATA 	Keypress: j
81.2583 	DATA 	Keypress: j
83.5245 	DATA 	Keypress: f
85.7869 	DATA 	Keypress: f
88.0080 	DATA 	Keypress: j
90.3248 	DATA 	Keypress: f
92.5588 	DATA 	Keypress: f
94.7746 	DATA 	Keypress: f
97.0705 	DATA 	Keypress: j
99.3529 	DATA 	Keypress: j
101.6192 	DATA 	Keypress: f
103.8710 	DATA 	Keypress: j
106.1578 	DATA 	Keypress: j
108.3589 	DATA 	Keypress: f
111.1546 	DATA 	Keypress: f
112.8425 	DATA 	Keypress: j
115.1871 	DATA 	Keypress: j
117.5206 	DATA 	Keypress: j
119.7422 	DATA 	Keypress: j
122.0079 	DATA 	Keypress: j
124.1748 	DATA 	Keypress: j
126.4745 	DATA 	Keypress: j
129.4025 	DATA 	Keypress: f
131.0923 	DATA 	Keypress: j
133.3702 	DATA 	Keypress: f
135.5582 	DATA 	Keypress: f
137.9535 	DATA 	Keypress: f
140.0259 	DATA 	Keypress: f
142.2595 	DATA 	Keypress: f
144.5916 	DATA 	Keypress: f
146.8201 	DATA 	Keypress: j
149.1027 	DATA 	Keypress: j
151.5224 	DATA 	Keypress: f
153.6247 	DATA 	Keypress: f
155.8747 	DATA 	Keypress: f
158.1703 	DATA 	Keypress: j
160.5366 	DATA 	Keypress: j
160.8873 	DATA 	Keypress: f
162.6583 	DATA 	Keypress: j
164.9926 	DATA 	Keypress: f
167.1863 	DATA 	Keypress: j
169.4425 	DATA 	Keypress: f
171.7413 	DATA 	Keypress: f
174.1250 	DATA 	Keypress: f
176.3242 	DATA 	Keypress: f
178.5028 	DATA 	Keypress: f
180.7697 	DATA 	Keypress: f
183.0423 	DATA 	Keypress: j
185.3083 	DATA 	Keypress: f
187.5695 	DATA 	Keypress: f
189.8254 	DATA 	Keypress: f
192.0858 	DATA 	Keypress: j
194.3039 	DATA 	Keypress: j
196.6256 	DATA 	Keypress: f
198.8035 	DATA 	Keypress: j
201.1093 	DATA 	Keypress: f
203.4410 	DATA 	Keypress: j
205.6925 	DATA 	Keypress: j
207.9419 	DATA 	Keypress: j
210.6885 	DATA 	Keypress: j
212.5571 	DATA 	Keypress: f
215.2042 	DATA 	Keypress: f
216.9537 	DATA 	Keypress: f
219.2036 	DATA 	Keypress: f
221.5035 	DATA 	Keypress: j
223.7762 	DATA 	Keypress: f
226.0585 	DATA 	Keypress: f
228.2920 	DATA 	Keypress: f
230.6422 	DATA 	Keypress: f
232.8080 	DATA 	Keypress: j
235.0751 	DATA 	Keypress: f
237.4270 	DATA 	Keypress: j
239.5748 	DATA 	Keypress: j
241.8533 	DATA 	Keypress: j
244.1076 	DATA 	Keypress: j
246.3745 	DATA 	Keypress: j
248.5579 	DATA 	Keypress: j
250.8593 	DATA 	Keypress: j
253.2251 	DATA 	Keypress: j
255.4536 	DATA 	Keypress: f
257.7366 	DATA 	Keypress: j
259.9703 	DATA 	Keypress: f
262.2919 	DATA 	Keypress: j
269.6464 	DATA 	Keypress: space
272.1444 	DATA 	Keypress: j
273.6545 	DATA 	Keypress: j
275.7920 	DATA 	Keypress: j
278.0706 	DATA 	Keypress: j
280.3246 	DATA 	Keypress: j
282.5586 	DATA 	Keypress: j
284.8370 	DATA 	Keypress: j
287.1409 	DATA 	Keypress: j
289.4406 	DATA 	Keypress: j
291.7422 	DATA 	Keypress: j
293.9038 	DATA 	Keypress: j
296.1919 	DATA 	Keypress: j
296.6721 	DATA 	Keypress: j
296.6754 	DATA 	Keypress: j
298.4383 	DATA 	Keypress: j
300.6090 	DATA 	Keypress: j
302.9418 	DATA 	Keypress: j
305.2868 	DATA 	Keypress: j
307.4924 	DATA 	Keypress: j
309.7577 	DATA 	Keypress: j
312.0424 	DATA 	Keypress: j
314.2537 	DATA 	Keypress: j
316.6256 	DATA 	Keypress: j
318.7585 	DATA 	Keypress: j
320.9928 	DATA 	Keypress: j
323.3251 	DATA 	Keypress: j
325.5086 	DATA 	Keypress: j
327.8253 	DATA 	Keypress: j
330.6654 	DATA 	Keypress: j
332.3752 	DATA 	Keypress: j
334.5534 	DATA 	Keypress: j
336.9422 	DATA 	Keypress: j
339.6374 	DATA 	Keypress: j
341.5083 	DATA 	Keypress: j
343.7241 	DATA 	Keypress: j
345.9589 	DATA 	Keypress: j
348.1589 	DATA 	Keypress: j
350.4753 	DATA 	Keypress: j
352.6873 	DATA 	Keypress: j
354.9695 	DATA 	Keypress: j
357.1593 	DATA 	Keypress: j
359.5082 	DATA 	Keypress: j
361.7761 	DATA 	Keypress: j
363.9705 	DATA 	Keypress: j
366.1928 	DATA 	Keypress: j
368.5196 	DATA 	Keypress: j
370.7429 	DATA 	Keypress: j
373.0375 	DATA 	Keypress: j
375.3043 	DATA 	Keypress: j
377.5417 	DATA 	Keypress: j
379.7862 	DATA 	Keypress: j
382.0376 	DATA 	Keypress: j
384.3596 	DATA 	Keypress: j
386.6251 	DATA 	Keypress: j
388.9038 	DATA 	Keypress: j
391.2095 	DATA 	Keypress: j
393.4037 	DATA 	Keypress: j
395.7032 	DATA 	Keypress: j
397.9707 	DATA 	Keypress: j
400.2539 	DATA 	Keypress: j
402.3884 	DATA 	Keypress: j
405.2038 	DATA 	Keypress: j
406.8542 	DATA 	Keypress: j
409.2749 	DATA 	Keypress: j
411.4874 	DATA 	Keypress: j
413.6865 	DATA 	Keypress: j
416.0419 	DATA 	Keypress: j
418.2526 	DATA 	Keypress: j
420.5873 	DATA 	Keypress: j
422.8920 	DATA 	Keypress: j
425.1207 	DATA 	Keypress: j
427.4241 	DATA 	Keypress: j
429.6758 	DATA 	Keypress: j
431.8422 	DATA 	Keypress: j
434.1421 	DATA 	Keypress: j
436.5029 	DATA 	Keypress: j
438.8095 	DATA 	Keypress: j
440.9870 	DATA 	Keypress: j
443.2376 	DATA 	Keypress: j
445.4759 	DATA 	Keypress: j
447.7543 	DATA 	Keypress: j
450.0540 	DATA 	Keypress: j
452.4427 	DATA 	Keypress: j
454.6421 	DATA 	Keypress: j
456.9543 	DATA 	Keypress: j
459.1255 	DATA 	Keypress: j
462.3042 	DATA 	Keypress: f
463.7246 	DATA 	Keypress: j
465.9257 	DATA 	Keypress: j
468.2417 	DATA 	Keypress: j
470.5210 	DATA 	Keypress: j
472.7086 	DATA 	Keypress: j
475.0094 	DATA 	Keypress: j
477.2750 	DATA 	Keypress: j
479.5092 	DATA 	Keypress: j
481.7595 	DATA 	Keypress: j
484.0424 	DATA 	Keypress: j
486.3413 	DATA 	Keypress: j
488.5379 	DATA 	Keypress: j
490.8918 	DATA 	Keypress: j
493.0864 	DATA 	Keypress: j
495.3745 	DATA 	Keypress: j
500.3323 	DATA 	Keypress: space
502.7850 	DATA 	Keypress: j
504.3045 	DATA 	Keypress: j
506.6047 	DATA 	Keypress: f
508.6538 	DATA 	Keypress: j
510.9210 	DATA 	Keypress: j
513.1539 	DATA 	Keypress: j
515.3885 	DATA 	Keypress: f
517.7034 	DATA 	Keypress: f
519.8553 	DATA 	Keypress: j
522.2383 	DATA 	Keypress: f
524.4227 	DATA 	Keypress: j
526.6874 	DATA 	Keypress: f
528.9384 	DATA 	Keypress: f
531.2210 	DATA 	Keypress: f
533.4706 	DATA 	Keypress: j
535.7381 	DATA 	Keypress: j
538.0199 	DATA 	Keypress: j
540.7552 	DATA 	Keypress: j
543.0060 	DATA 	Keypress: f
544.9212 	DATA 	Keypress: f
547.0033 	DATA 	Keypress: j
549.2202 	DATA 	Keypress: f
551.4554 	DATA 	Keypress: j
553.6710 	DATA 	Keypress: j
556.0036 	DATA 	Keypress: f
558.2043 	DATA 	Keypress: f
560.5062 	DATA 	Keypress: f
562.6880 	DATA 	Keypress: f
565.5563 	DATA 	Keypress: j
567.3382 	DATA 	Keypress: f
569.6709 	DATA 	Keypress: j
571.7874 	DATA 	Keypress: f
574.0549 	DATA 	Keypress: f
576.2547 	DATA 	Keypress: j
578.5225 	DATA 	Keypress: j
580.7717 	DATA 	Keypress: j
583.0878 	DATA 	Keypress: j
585.2880 	DATA 	Keypress: j
587.5550 	DATA 	Keypress: f
589.8378 	DATA 	Keypress: f
592.1043 	DATA 	Keypress: f
594.3045 	DATA 	Keypress: f
596.6550 	DATA 	Keypress: f
598.7874 	DATA 	Keypress: f
601.1039 	DATA 	Keypress: j
603.3708 	DATA 	Keypress: f
605.7386 	DATA 	Keypress: j
607.8382 	DATA 	Keypress: j
610.0885 	DATA 	Keypress: f
612.4718 	DATA 	Keypress: f
614.6709 	DATA 	Keypress: f
616.9209 	DATA 	Keypress: j
619.1547 	DATA 	Keypress: j
621.5210 	DATA 	Keypress: j
623.6219 	DATA 	Keypress: f
625.9889 	DATA 	Keypress: f
628.2705 	DATA 	Keypress: j
630.5042 	DATA 	Keypress: j
632.6547 	DATA 	Keypress: f
634.8875 	DATA 	Keypress: f
637.2715 	DATA 	Keypress: j
639.4381 	DATA 	Keypress: j
641.6371 	DATA 	Keypress: f
643.9053 	DATA 	Keypress: f
646.1554 	DATA 	Keypress: f
648.4375 	DATA 	Keypress: f
650.7047 	DATA 	Keypress: j
652.9033 	DATA 	Keypress: j
655.3544 	DATA 	Keypress: f
657.4713 	DATA 	Keypress: j
659.7047 	DATA 	Keypress: f
661.8718 	DATA 	Keypress: j
664.1547 	DATA 	Keypress: f
666.4546 	DATA 	Keypress: j
669.2223 	DATA 	Keypress: j
670.9212 	DATA 	Keypress: f
673.2211 	DATA 	Keypress: j
675.3879 	DATA 	Keypress: f
677.7717 	DATA 	Keypress: j
679.9371 	DATA 	Keypress: f
682.1205 	DATA 	Keypress: j
684.5878 	DATA 	Keypress: j
686.6883 	DATA 	Keypress: f
688.8708 	DATA 	Keypress: j
691.1387 	DATA 	Keypress: j
693.4546 	DATA 	Keypress: f
695.6876 	DATA 	Keypress: j
698.0879 	DATA 	Keypress: f
700.2049 	DATA 	Keypress: j
702.4210 	DATA 	Keypress: j
704.6875 	DATA 	Keypress: f
707.0042 	DATA 	Keypress: f
709.1881 	DATA 	Keypress: f
711.4369 	DATA 	Keypress: f
713.7054 	DATA 	Keypress: j
715.9710 	DATA 	Keypress: j
718.2708 	DATA 	Keypress: j
720.4725 	DATA 	Keypress: f
722.8045 	DATA 	Keypress: j
724.9703 	DATA 	Keypress: f
740.8148 	DATA 	Keypress: space
743.2718 	DATA 	Keypress: 1
745.9053 	DATA 	Keypress: 1
747.9513 	DATA 	Keypress: 1
755.0864 	DATA 	Keypress: 2
757.5535 	DATA 	Keypress: 1
761.4921 	DATA 	Keypress: 4
763.9376 	DATA 	Keypress: 1
765.6424 	DATA 	Keypress: 1
767.6013 	DATA 	Keypress: 1
770.4485 	DATA 	Keypress: 4
772.9270 	DATA 	Keypress: 1
778.8102 	DATA 	Keypress: 4
789.2608 	DATA 	Keypress: 2
795.7411 	DATA 	Keypress: 2
798.1144 	DATA 	Keypress: 1
801.3162 	DATA 	Keypress: 4
803.9514 	DATA 	Keypress: 1
807.1255 	DATA 	Keypress: 4
809.3736 	DATA 	Keypress: 1
811.3155 	DATA 	Keypress: 4
813.1851 	DATA 	Keypress: 1
815.1465 	DATA 	Keypress: 1
818.1472 	DATA 	Keypress: 4
820.0503 	DATA 	Keypress: 1
821.8718 	DATA 	Keypress: 1
824.3226 	DATA 	Keypress: 1
826.2596 	DATA 	Keypress: 1
827.9385 	DATA 	Keypress: 1
830.3042 	DATA 	Keypress: 4
832.0924 	DATA 	Keypress: 1
834.0653 	DATA 	Keypress: 4
835.6708 	DATA 	Keypress: 1
837.7860 	DATA 	Keypress: 4
839.5209 	DATA 	Keypress: 1
841.0764 	DATA 	Keypress: 1
842.7880 	DATA 	Keypress: 1
844.6428 	DATA 	Keypress: 1
846.6535 	DATA 	Keypress: 2
848.2755 	DATA 	Keypress: 4
849.8883 	DATA 	Keypress: 1
852.5774 	DATA 	Keypress: 4
854.5223 	DATA 	Keypress: 2
856.3956 	DATA 	Keypress: 2
858.1087 	DATA 	Keypress: 1
859.9746 	DATA 	Keypress: 1
861.6931 	DATA 	Keypress: 1
863.3749 	DATA 	Keypress: 1
865.1104 	DATA 	Keypress: 1
867.1307 	DATA 	Keypress: 4
868.9036 	DATA 	Keypress: 1
870.5886 	DATA 	Keypress: 1
872.2204 	DATA 	Keypress: 1
874.2074 	DATA 	Keypress: 1
