0.0004 	WARNING 	Monitor specification not found. Creating a temporary one...
21.9416 	DATA 	Keypress: space
25.4576 	DATA 	Keypress: space
32.3258 	DATA 	Keypress: space
35.0789 	DATA 	Keypress: j
37.1116 	DATA 	Keypress: j
39.7437 	DATA 	Keypress: j
42.1054 	DATA 	Keypress: j
44.2613 	DATA 	Keypress: j
46.4029 	DATA 	Keypress: j
48.6873 	DATA 	Keypress: j
50.9735 	DATA 	Keypress: j
53.2306 	DATA 	Keypress: j
55.5103 	DATA 	Keypress: j
57.8393 	DATA 	Keypress: j
60.0757 	DATA 	Keypress: j
62.3899 	DATA 	Keypress: j
64.6031 	DATA 	Keypress: j
66.4547 	DATA 	Keypress: j
68.7487 	DATA 	Keypress: j
71.1563 	DATA 	Keypress: j
73.2717 	DATA 	Keypress: j
75.5236 	DATA 	Keypress: j
77.8395 	DATA 	Keypress: j
80.2466 	DATA 	Keypress: j
82.3716 	DATA 	Keypress: j
84.6522 	DATA 	Keypress: j
86.9603 	DATA 	Keypress: j
89.3342 	DATA 	Keypress: j
91.5475 	DATA 	Keypress: j
93.8123 	DATA 	Keypress: j
96.1398 	DATA 	Keypress: j
98.2893 	DATA 	Keypress: j
100.6177 	DATA 	Keypress: j
102.9345 	DATA 	Keypress: j
105.5408 	DATA 	Keypress: j
107.3995 	DATA 	Keypress: j
109.7297 	DATA 	Keypress: j
112.1095 	DATA 	Keypress: j
114.6203 	DATA 	Keypress: j
116.8859 	DATA 	Keypress: j
118.7380 	DATA 	Keypress: a
121.1103 	DATA 	Keypress: j
123.4073 	DATA 	Keypress: j
125.7316 	DATA 	Keypress: j
127.9949 	DATA 	Keypress: j
130.1474 	DATA 	Keypress: j
132.4063 	DATA 	Keypress: a
134.6725 	DATA 	Keypress: a
136.9745 	DATA 	Keypress: j
139.2913 	DATA 	Keypress: j
141.5051 	DATA 	Keypress: a
143.9771 	DATA 	Keypress: a
146.0666 	DATA 	Keypress: a
148.3219 	DATA 	Keypress: a
150.5727 	DATA 	Keypress: a
152.8570 	DATA 	Keypress: j
155.2001 	DATA 	Keypress: a
157.4692 	DATA 	Keypress: a
159.6696 	DATA 	Keypress: a
161.9561 	DATA 	Keypress: a
164.2296 	DATA 	Keypress: a
166.4897 	DATA 	Keypress: a
168.7566 	DATA 	Keypress: a
171.0386 	DATA 	Keypress: j
173.4131 	DATA 	Keypress: j
176.0002 	DATA 	Keypress: j
178.3883 	DATA 	Keypress: j
180.5540 	DATA 	Keypress: j
182.4049 	DATA 	Keypress: a
184.8205 	DATA 	Keypress: j
187.1281 	DATA 	Keypress: a
189.3176 	DATA 	Keypress: a
191.5639 	DATA 	Keypress: j
193.8189 	DATA 	Keypress: a
196.0696 	DATA 	Keypress: a
198.3500 	DATA 	Keypress: a
200.7574 	DATA 	Keypress: j
202.9411 	DATA 	Keypress: j
205.3001 	DATA 	Keypress: j
207.5043 	DATA 	Keypress: a
209.7242 	DATA 	Keypress: a
211.9735 	DATA 	Keypress: a
214.2869 	DATA 	Keypress: j
216.9678 	DATA 	Keypress: j
218.9006 	DATA 	Keypress: a
221.0893 	DATA 	Keypress: j
223.4935 	DATA 	Keypress: j
225.6962 	DATA 	Keypress: a
228.0529 	DATA 	Keypress: j
230.6827 	DATA 	Keypress: j
233.0128 	DATA 	Keypress: j
234.8865 	DATA 	Keypress: a
237.1904 	DATA 	Keypress: a
239.8270 	DATA 	Keypress: a
241.8536 	DATA 	Keypress: j
244.0827 	DATA 	Keypress: a
246.3235 	DATA 	Keypress: j
248.5006 	DATA 	Keypress: a
250.8999 	DATA 	Keypress: j
253.1832 	DATA 	Keypress: a
255.3350 	DATA 	Keypress: a
257.6662 	DATA 	Keypress: j
259.8392 	DATA 	Keypress: a
265.1039 	DATA 	Keypress: space
267.5674 	DATA 	Keypress: f
269.8883 	DATA 	Keypress: f
271.8535 	DATA 	Keypress: j
273.9589 	DATA 	Keypress: f
276.2269 	DATA 	Keypress: j
278.6059 	DATA 	Keypress: j
280.8636 	DATA 	Keypress: j
283.0432 	DATA 	Keypress: j
285.2803 	DATA 	Keypress: f
287.4559 	DATA 	Keypress: j
289.7265 	DATA 	Keypress: f
292.3195 	DATA 	Keypress: f
294.3767 	DATA 	Keypress: j
296.4558 	DATA 	Keypress: f
298.7078 	DATA 	Keypress: f
300.9723 	DATA 	Keypress: j
303.3687 	DATA 	Keypress: j
305.4728 	DATA 	Keypress: f
307.7226 	DATA 	Keypress: j
309.9747 	DATA 	Keypress: f
312.2237 	DATA 	Keypress: f
314.4738 	DATA 	Keypress: f
316.7223 	DATA 	Keypress: f
318.9905 	DATA 	Keypress: f
321.2402 	DATA 	Keypress: f
323.5360 	DATA 	Keypress: f
325.7563 	DATA 	Keypress: f
328.0227 	DATA 	Keypress: j
330.2739 	DATA 	Keypress: j
332.5228 	DATA 	Keypress: j
334.7963 	DATA 	Keypress: j
337.0565 	DATA 	Keypress: j
339.3056 	DATA 	Keypress: j
341.6139 	DATA 	Keypress: f
343.8057 	DATA 	Keypress: f
346.1094 	DATA 	Keypress: f
348.3233 	DATA 	Keypress: j
350.5724 	DATA 	Keypress: f
352.8409 	DATA 	Keypress: j
355.1061 	DATA 	Keypress: f
357.3563 	DATA 	Keypress: f
359.6720 	DATA 	Keypress: f
361.9022 	DATA 	Keypress: j
364.1524 	DATA 	Keypress: j
366.3724 	DATA 	Keypress: f
368.6231 	DATA 	Keypress: f
370.8735 	DATA 	Keypress: j
373.2371 	DATA 	Keypress: f
375.7722 	DATA 	Keypress: f
378.0124 	DATA 	Keypress: j
380.2684 	DATA 	Keypress: f
382.6221 	DATA 	Keypress: f
384.7737 	DATA 	Keypress: j
387.1055 	DATA 	Keypress: j
389.3124 	DATA 	Keypress: j
391.5520 	DATA 	Keypress: f
393.8046 	DATA 	Keypress: f
396.1730 	DATA 	Keypress: f
398.3381 	DATA 	Keypress: f
400.8222 	DATA 	Keypress: f
402.8078 	DATA 	Keypress: f
405.0582 	DATA 	Keypress: f
407.3728 	DATA 	Keypress: j
409.5681 	DATA 	Keypress: j
411.8286 	DATA 	Keypress: f
414.0750 	DATA 	Keypress: j
416.3335 	DATA 	Keypress: f
418.5848 	DATA 	Keypress: j
420.8425 	DATA 	Keypress: f
423.0920 	DATA 	Keypress: f
425.3539 	DATA 	Keypress: f
427.6000 	DATA 	Keypress: f
429.6182 	DATA 	Keypress: j
432.1006 	DATA 	Keypress: j
434.3722 	DATA 	Keypress: j
436.4330 	DATA 	Keypress: j
438.6411 	DATA 	Keypress: j
441.1176 	DATA 	Keypress: f
443.3880 	DATA 	Keypress: j
445.3950 	DATA 	Keypress: f
447.6963 	DATA 	Keypress: f
450.1340 	DATA 	Keypress: j
452.2129 	DATA 	Keypress: j
454.6883 	DATA 	Keypress: j
456.9036 	DATA 	Keypress: f
459.1719 	DATA 	Keypress: f
461.4293 	DATA 	Keypress: j
463.6694 	DATA 	Keypress: j
465.9201 	DATA 	Keypress: j
467.9699 	DATA 	Keypress: j
470.1850 	DATA 	Keypress: j
472.4063 	DATA 	Keypress: j
474.7409 	DATA 	Keypress: f
477.0058 	DATA 	Keypress: j
479.4725 	DATA 	Keypress: j
481.8395 	DATA 	Keypress: j
484.0562 	DATA 	Keypress: f
486.2558 	DATA 	Keypress: j
488.6716 	DATA 	Keypress: j
490.7996 	DATA 	Keypress: j
496.1548 	DATA 	Keypress: space
498.3331 	DATA 	Keypress: j
500.5692 	DATA 	Keypress: f
502.9050 	DATA 	Keypress: f
505.1446 	DATA 	Keypress: j
507.3521 	DATA 	Keypress: j
509.5404 	DATA 	Keypress: f
511.8764 	DATA 	Keypress: j
514.0394 	DATA 	Keypress: f
516.4081 	DATA 	Keypress: j
518.5727 	DATA 	Keypress: j
520.8234 	DATA 	Keypress: f
523.1498 	DATA 	Keypress: f
525.3779 	DATA 	Keypress: f
527.6375 	DATA 	Keypress: j
529.8986 	DATA 	Keypress: f
532.1067 	DATA 	Keypress: j
534.3905 	DATA 	Keypress: f
536.6396 	DATA 	Keypress: j
538.8900 	DATA 	Keypress: f
541.1564 	DATA 	Keypress: f
543.4401 	DATA 	Keypress: f
545.6902 	DATA 	Keypress: f
547.9408 	DATA 	Keypress: f
550.1903 	DATA 	Keypress: j
552.4738 	DATA 	Keypress: j
554.7248 	DATA 	Keypress: j
556.9737 	DATA 	Keypress: j
559.2221 	DATA 	Keypress: f
561.5073 	DATA 	Keypress: j
563.7555 	DATA 	Keypress: f
566.0072 	DATA 	Keypress: j
567.8714 	DATA 	Keypress: j
570.1775 	DATA 	Keypress: j
572.4384 	DATA 	Keypress: j
575.0403 	DATA 	Keypress: f
577.3052 	DATA 	Keypress: j
579.5724 	DATA 	Keypress: j
581.8230 	DATA 	Keypress: j
584.0725 	DATA 	Keypress: f
586.3579 	DATA 	Keypress: j
588.6234 	DATA 	Keypress: f
590.8739 	DATA 	Keypress: f
593.1246 	DATA 	Keypress: f
595.4223 	DATA 	Keypress: j
597.6734 	DATA 	Keypress: f
599.9243 	DATA 	Keypress: f
602.1733 	DATA 	Keypress: f
604.4734 	DATA 	Keypress: f
606.7223 	DATA 	Keypress: j
608.9906 	DATA 	Keypress: f
611.2405 	DATA 	Keypress: f
613.5243 	DATA 	Keypress: j
615.7737 	DATA 	Keypress: f
618.0225 	DATA 	Keypress: f
620.2891 	DATA 	Keypress: j
622.5730 	DATA 	Keypress: f
624.8244 	DATA 	Keypress: f
627.0740 	DATA 	Keypress: j
629.3403 	DATA 	Keypress: j
631.6066 	DATA 	Keypress: j
633.8738 	DATA 	Keypress: j
636.1240 	DATA 	Keypress: f
638.4073 	DATA 	Keypress: f
640.6738 	DATA 	Keypress: j
642.9394 	DATA 	Keypress: f
645.1904 	DATA 	Keypress: j
647.4736 	DATA 	Keypress: j
649.7228 	DATA 	Keypress: f
651.9731 	DATA 	Keypress: f
654.2301 	DATA 	Keypress: j
656.5070 	DATA 	Keypress: j
658.7847 	DATA 	Keypress: f
661.0244 	DATA 	Keypress: j
663.2902 	DATA 	Keypress: j
665.5723 	DATA 	Keypress: j
667.8239 	DATA 	Keypress: f
670.0736 	DATA 	Keypress: f
672.3416 	DATA 	Keypress: f
674.6233 	DATA 	Keypress: f
676.8910 	DATA 	Keypress: j
679.1401 	DATA 	Keypress: f
681.4070 	DATA 	Keypress: f
683.6721 	DATA 	Keypress: f
685.9231 	DATA 	Keypress: j
688.1750 	DATA 	Keypress: f
690.4572 	DATA 	Keypress: j
692.7240 	DATA 	Keypress: j
695.0089 	DATA 	Keypress: j
697.2247 	DATA 	Keypress: f
699.5067 	DATA 	Keypress: j
701.7896 	DATA 	Keypress: j
704.0406 	DATA 	Keypress: j
706.4179 	DATA 	Keypress: j
708.5898 	DATA 	Keypress: f
710.8572 	DATA 	Keypress: f
713.1060 	DATA 	Keypress: j
715.3738 	DATA 	Keypress: j
717.6575 	DATA 	Keypress: f
719.9236 	DATA 	Keypress: f
722.1904 	DATA 	Keypress: j
731.3931 	DATA 	Keypress: space
735.2749 	DATA 	Keypress: 4
738.0132 	DATA 	Keypress: 2
741.1955 	DATA 	Keypress: 3
743.4292 	DATA 	Keypress: 1
745.6227 	DATA 	Keypress: 4
747.9578 	DATA 	Keypress: 4
750.2800 	DATA 	Keypress: 3
752.4595 	DATA 	Keypress: 4
754.6293 	DATA 	Keypress: 4
756.7130 	DATA 	Keypress: 2
758.9533 	DATA 	Keypress: 3
761.0990 	DATA 	Keypress: 1
763.6437 	DATA 	Keypress: 3
765.7718 	DATA 	Keypress: 4
767.9600 	DATA 	Keypress: 1
770.2304 	DATA 	Keypress: 1
772.5302 	DATA 	Keypress: 1
774.6782 	DATA 	Keypress: 1
776.7909 	DATA 	Keypress: 1
779.1171 	DATA 	Keypress: 1
781.2520 	DATA 	Keypress: 4
783.4120 	DATA 	Keypress: 4
785.6815 	DATA 	Keypress: 2
787.7733 	DATA 	Keypress: 4
789.8880 	DATA 	Keypress: 4
792.0465 	DATA 	Keypress: 4
794.2339 	DATA 	Keypress: 1
796.3738 	DATA 	Keypress: 1
798.5189 	DATA 	Keypress: 2
800.6925 	DATA 	Keypress: 2
802.7774 	DATA 	Keypress: 2
804.9046 	DATA 	Keypress: 4
807.1455 	DATA 	Keypress: 1
809.3779 	DATA 	Keypress: 4
811.4790 	DATA 	Keypress: 4
813.6981 	DATA 	Keypress: 2
815.8795 	DATA 	Keypress: 4
818.0214 	DATA 	Keypress: 4
820.1345 	DATA 	Keypress: 4
822.4132 	DATA 	Keypress: 4
824.5562 	DATA 	Keypress: 4
826.7315 	DATA 	Keypress: 1
828.8162 	DATA 	Keypress: 2
830.9488 	DATA 	Keypress: 1
833.0248 	DATA 	Keypress: 1
835.1665 	DATA 	Keypress: 1
837.3337 	DATA 	Keypress: 4
839.5222 	DATA 	Keypress: 4
841.7803 	DATA 	Keypress: 4
843.9868 	DATA 	Keypress: 2
846.1798 	DATA 	Keypress: 4
848.2826 	DATA 	Keypress: 4
850.3946 	DATA 	Keypress: 2
852.9573 	DATA 	Keypress: 3
