0.0004 	WARNING 	Monitor specification not found. Creating a temporary one...
22.9058 	DATA 	Keypress: space
28.4152 	DATA 	Keypress: space
36.0819 	DATA 	Keypress: space
39.5083 	DATA 	Keypress: j
41.0761 	DATA 	Keypress: j
42.5862 	DATA 	Keypress: j
44.7359 	DATA 	Keypress: j
47.9186 	DATA 	Keypress: j
49.7361 	DATA 	Keypress: j
51.5243 	DATA 	Keypress: j
54.2656 	DATA 	Keypress: f
56.6726 	DATA 	Keypress: j
59.2766 	DATA 	Keypress: j
61.4516 	DATA 	Keypress: j
63.2869 	DATA 	Keypress: j
65.2030 	DATA 	Keypress: j
67.8365 	DATA 	Keypress: j
69.7243 	DATA 	Keypress: j
72.0205 	DATA 	Keypress: j
74.2401 	DATA 	Keypress: j
76.8861 	DATA 	Keypress: j
79.1368 	DATA 	Keypress: j
80.9229 	DATA 	Keypress: j
83.2683 	DATA 	Keypress: j
85.5235 	DATA 	Keypress: j
88.2864 	DATA 	Keypress: j
90.4369 	DATA 	Keypress: j
93.1247 	DATA 	Keypress: j
94.9703 	DATA 	Keypress: f
96.9202 	DATA 	Keypress: f
99.9243 	DATA 	Keypress: f
101.7712 	DATA 	Keypress: f
103.6238 	DATA 	Keypress: j
106.2862 	DATA 	Keypress: f
108.5363 	DATA 	Keypress: j
111.2237 	DATA 	Keypress: j
113.0695 	DATA 	Keypress: j
115.7467 	DATA 	Keypress: j
117.7250 	DATA 	Keypress: f
119.5229 	DATA 	Keypress: j
122.1373 	DATA 	Keypress: f
124.3868 	DATA 	Keypress: j
126.7726 	DATA 	Keypress: f
128.5562 	DATA 	Keypress: j
131.1717 	DATA 	Keypress: f
133.4213 	DATA 	Keypress: f
135.1681 	DATA 	Keypress: j
137.4902 	DATA 	Keypress: j
140.2199 	DATA 	Keypress: j
142.4703 	DATA 	Keypress: j
144.9125 	DATA 	Keypress: j
147.0194 	DATA 	Keypress: f
149.2872 	DATA 	Keypress: f
151.5366 	DATA 	Keypress: f
153.4235 	DATA 	Keypress: f
155.7191 	DATA 	Keypress: j
157.9583 	DATA 	Keypress: j
160.1411 	DATA 	Keypress: f
162.4237 	DATA 	Keypress: j
164.7745 	DATA 	Keypress: j
167.0413 	DATA 	Keypress: f
169.2687 	DATA 	Keypress: j
172.3358 	DATA 	Keypress: j
174.1867 	DATA 	Keypress: f
176.4545 	DATA 	Keypress: j
178.2853 	DATA 	Keypress: j
181.1451 	DATA 	Keypress: j
182.8848 	DATA 	Keypress: f
185.9082 	DATA 	Keypress: f
187.7540 	DATA 	Keypress: j
190.0615 	DATA 	Keypress: f
193.0864 	DATA 	Keypress: f
194.2379 	DATA 	Keypress: j
196.8201 	DATA 	Keypress: j
199.2067 	DATA 	Keypress: j
201.3826 	DATA 	Keypress: f
203.2867 	DATA 	Keypress: f
205.5077 	DATA 	Keypress: j
207.7243 	DATA 	Keypress: j
209.9522 	DATA 	Keypress: j
213.4914 	DATA 	Keypress: f
214.9203 	DATA 	Keypress: f
217.2029 	DATA 	Keypress: f
218.9358 	DATA 	Keypress: j
221.2092 	DATA 	Keypress: j
223.4028 	DATA 	Keypress: f
225.9033 	DATA 	Keypress: f
227.9576 	DATA 	Keypress: f
230.3409 	DATA 	Keypress: j
232.6194 	DATA 	Keypress: f
235.2704 	DATA 	Keypress: f
237.2061 	DATA 	Keypress: f
239.3242 	DATA 	Keypress: j
242.1497 	DATA 	Keypress: f
244.3372 	DATA 	Keypress: j
246.1867 	DATA 	Keypress: f
248.5374 	DATA 	Keypress: f
250.7412 	DATA 	Keypress: j
253.5618 	DATA 	Keypress: j
255.1015 	DATA 	Keypress: j
257.3744 	DATA 	Keypress: j
259.6907 	DATA 	Keypress: j
262.0071 	DATA 	Keypress: f
272.5671 	DATA 	Keypress: space
278.0587 	DATA 	Keypress: j
279.2091 	DATA 	Keypress: j
281.4601 	DATA 	Keypress: j
283.8359 	DATA 	Keypress: j
285.9871 	DATA 	Keypress: j
288.2698 	DATA 	Keypress: j
290.0407 	DATA 	Keypress: j
292.4351 	DATA 	Keypress: j
294.5076 	DATA 	Keypress: j
297.3359 	DATA 	Keypress: j
299.1406 	DATA 	Keypress: j
301.3357 	DATA 	Keypress: j
304.1205 	DATA 	Keypress: j
305.8693 	DATA 	Keypress: j
310.9039 	DATA 	Keypress: j
313.1878 	DATA 	Keypress: j
314.9911 	DATA 	Keypress: j
318.1881 	DATA 	Keypress: j
319.4237 	DATA 	Keypress: j
322.3156 	DATA 	Keypress: j
324.1876 	DATA 	Keypress: j
326.7869 	DATA 	Keypress: f
329.0531 	DATA 	Keypress: j
332.3359 	DATA 	Keypress: j
333.5869 	DATA 	Keypress: j
336.2579 	DATA 	Keypress: j
338.1037 	DATA 	Keypress: f
341.5422 	DATA 	Keypress: f
342.6365 	DATA 	Keypress: j
344.8860 	DATA 	Keypress: j
347.5622 	DATA 	Keypress: j
349.4196 	DATA 	Keypress: f
351.8897 	DATA 	Keypress: j
353.9710 	DATA 	Keypress: j
355.6909 	DATA 	Keypress: j
358.5048 	DATA 	Keypress: j
360.3410 	DATA 	Keypress: j
363.0364 	DATA 	Keypress: j
364.9415 	DATA 	Keypress: j
367.5694 	DATA 	Keypress: j
369.5213 	DATA 	Keypress: j
372.5929 	DATA 	Keypress: f
374.0371 	DATA 	Keypress: f
376.2685 	DATA 	Keypress: j
378.4914 	DATA 	Keypress: f
381.1546 	DATA 	Keypress: f
383.0687 	DATA 	Keypress: f
385.3026 	DATA 	Keypress: j
387.5083 	DATA 	Keypress: f
390.2033 	DATA 	Keypress: f
391.8907 	DATA 	Keypress: f
394.4030 	DATA 	Keypress: j
397.9749 	DATA 	Keypress: f
398.8742 	DATA 	Keypress: f
401.5038 	DATA 	Keypress: j
403.2856 	DATA 	Keypress: j
405.5358 	DATA 	Keypress: j
408.2874 	DATA 	Keypress: j
410.5528 	DATA 	Keypress: j
412.4246 	DATA 	Keypress: j
414.6237 	DATA 	Keypress: j
416.7904 	DATA 	Keypress: j
419.2879 	DATA 	Keypress: f
421.4694 	DATA 	Keypress: j
424.2790 	DATA 	Keypress: j
426.0873 	DATA 	Keypress: j
430.9372 	DATA 	Keypress: j
432.5408 	DATA 	Keypress: j
436.0748 	DATA 	Keypress: j
437.4047 	DATA 	Keypress: j
439.4908 	DATA 	Keypress: j
441.9208 	DATA 	Keypress: j
444.0903 	DATA 	Keypress: j
446.7713 	DATA 	Keypress: j
448.4905 	DATA 	Keypress: j
451.2873 	DATA 	Keypress: f
453.5546 	DATA 	Keypress: j
455.8373 	DATA 	Keypress: f
458.1000 	DATA 	Keypress: j
459.9576 	DATA 	Keypress: j
462.0233 	DATA 	Keypress: j
465.3090 	DATA 	Keypress: j
467.5754 	DATA 	Keypress: j
469.5857 	DATA 	Keypress: j
471.6715 	DATA 	Keypress: f
473.3912 	DATA 	Keypress: j
476.2040 	DATA 	Keypress: j
478.0062 	DATA 	Keypress: j
480.1906 	DATA 	Keypress: j
483.0030 	DATA 	Keypress: j
485.2545 	DATA 	Keypress: j
486.9586 	DATA 	Keypress: j
489.2524 	DATA 	Keypress: j
491.6238 	DATA 	Keypress: j
493.7079 	DATA 	Keypress: j
496.6029 	DATA 	Keypress: j
498.4583 	DATA 	Keypress: j
507.0743 	DATA 	Keypress: space
509.9522 	DATA 	Keypress: f
511.4304 	DATA 	Keypress: f
513.1530 	DATA 	Keypress: j
515.4366 	DATA 	Keypress: f
518.1545 	DATA 	Keypress: f
519.9029 	DATA 	Keypress: j
522.3363 	DATA 	Keypress: f
524.9698 	DATA 	Keypress: j
527.1712 	DATA 	Keypress: f
529.8097 	DATA 	Keypress: j
531.6857 	DATA 	Keypress: f
533.4856 	DATA 	Keypress: j
536.3715 	DATA 	Keypress: j
538.4544 	DATA 	Keypress: j
540.7026 	DATA 	Keypress: f
542.9926 	DATA 	Keypress: f
544.8367 	DATA 	Keypress: f
547.8703 	DATA 	Keypress: j
549.2853 	DATA 	Keypress: j
552.5716 	DATA 	Keypress: j
558.7195 	DATA 	Keypress: f
560.5699 	DATA 	Keypress: f
562.6384 	DATA 	Keypress: j
565.0859 	DATA 	Keypress: f
567.3029 	DATA 	Keypress: f
569.5189 	DATA 	Keypress: f
571.6200 	DATA 	Keypress: f
573.8859 	DATA 	Keypress: j
576.2364 	DATA 	Keypress: f
579.0041 	DATA 	Keypress: j
581.2542 	DATA 	Keypress: j
583.5808 	DATA 	Keypress: j
585.4527 	DATA 	Keypress: f
588.3983 	DATA 	Keypress: j
589.8205 	DATA 	Keypress: f
591.9864 	DATA 	Keypress: f
594.1868 	DATA 	Keypress: f
597.1080 	DATA 	Keypress: f
598.7865 	DATA 	Keypress: j
601.1365 	DATA 	Keypress: j
604.2201 	DATA 	Keypress: f
606.1034 	DATA 	Keypress: f
608.3539 	DATA 	Keypress: f
610.2530 	DATA 	Keypress: f
612.5532 	DATA 	Keypress: f
614.8204 	DATA 	Keypress: j
618.0531 	DATA 	Keypress: j
619.1690 	DATA 	Keypress: f
622.4382 	DATA 	Keypress: j
623.8193 	DATA 	Keypress: f
626.3872 	DATA 	Keypress: f
629.7025 	DATA 	Keypress: j
633.5358 	DATA 	Keypress: j
635.7860 	DATA 	Keypress: f
637.6206 	DATA 	Keypress: f
641.5703 	DATA 	Keypress: j
643.9540 	DATA 	Keypress: f
646.8646 	DATA 	Keypress: j
648.4871 	DATA 	Keypress: f
651.1697 	DATA 	Keypress: j
652.9207 	DATA 	Keypress: j
656.2693 	DATA 	Keypress: f
658.0124 	DATA 	Keypress: f
659.8211 	DATA 	Keypress: j
663.4861 	DATA 	Keypress: f
666.5703 	DATA 	Keypress: j
668.7531 	DATA 	Keypress: f
670.9033 	DATA 	Keypress: j
673.7043 	DATA 	Keypress: j
675.5203 	DATA 	Keypress: f
678.3538 	DATA 	Keypress: f
679.9708 	DATA 	Keypress: j
682.2688 	DATA 	Keypress: j
684.9695 	DATA 	Keypress: j
686.4534 	DATA 	Keypress: j
687.5857 	DATA 	Keypress: j
688.9365 	DATA 	Keypress: j
691.0871 	DATA 	Keypress: j
693.3038 	DATA 	Keypress: j
695.7032 	DATA 	Keypress: f
698.1366 	DATA 	Keypress: j
700.3196 	DATA 	Keypress: j
702.5529 	DATA 	Keypress: f
705.2370 	DATA 	Keypress: j
707.0034 	DATA 	Keypress: f
709.7381 	DATA 	Keypress: j
713.9211 	DATA 	Keypress: j
716.8698 	DATA 	Keypress: j
718.7375 	DATA 	Keypress: j
720.3876 	DATA 	Keypress: f
723.7702 	DATA 	Keypress: j
725.1695 	DATA 	Keypress: j
727.2203 	DATA 	Keypress: f
729.5363 	DATA 	Keypress: f
731.5703 	DATA 	Keypress: f
760.9729 	DATA 	Keypress: space
774.0801 	DATA 	Keypress: 2
781.6844 	DATA 	Keypress: 3
785.8573 	DATA 	Keypress: 2
789.7809 	DATA 	Keypress: 4
794.2017 	DATA 	Keypress: 2
796.2376 	DATA 	Keypress: 2
798.8544 	DATA 	Keypress: 4
800.8112 	DATA 	Keypress: 4
802.3538 	DATA 	Keypress: 4
804.1534 	DATA 	Keypress: 4
809.9627 	DATA 	Keypress: 2
815.1009 	DATA 	Keypress: 4
819.0810 	DATA 	Keypress: 3
822.1700 	DATA 	Keypress: 2
824.9665 	DATA 	Keypress: 3
827.8572 	DATA 	Keypress: 1
830.5742 	DATA 	Keypress: 2
832.3867 	DATA 	Keypress: 4
834.2319 	DATA 	Keypress: 3
836.3451 	DATA 	Keypress: 4
838.3915 	DATA 	Keypress: 2
840.5393 	DATA 	Keypress: 1
842.1861 	DATA 	Keypress: 1
843.9370 	DATA 	Keypress: 1
845.4363 	DATA 	Keypress: 1
847.4575 	DATA 	Keypress: 1
849.2065 	DATA 	Keypress: 1
850.9089 	DATA 	Keypress: 1
852.7364 	DATA 	Keypress: 1
854.2241 	DATA 	Keypress: 1
855.9587 	DATA 	Keypress: 1
857.2195 	DATA 	Keypress: 1
858.0741 	DATA 	Keypress: 1
859.5413 	DATA 	Keypress: 1
861.3194 	DATA 	Keypress: 1
863.7883 	DATA 	Keypress: 4
865.9547 	DATA 	Keypress: 1
868.2458 	DATA 	Keypress: 2
870.3027 	DATA 	Keypress: 3
872.2637 	DATA 	Keypress: 3
874.2476 	DATA 	Keypress: 4
876.2615 	DATA 	Keypress: 3
877.9939 	DATA 	Keypress: 2
881.4524 	DATA 	Keypress: 3
884.5170 	DATA 	Keypress: 3
887.2826 	DATA 	Keypress: 2
889.3222 	DATA 	Keypress: 4
891.2245 	DATA 	Keypress: 4
893.4014 	DATA 	Keypress: 4
894.9199 	DATA 	Keypress: 4
897.4743 	DATA 	Keypress: 2
899.4499 	DATA 	Keypress: 3
901.7036 	DATA 	Keypress: 4
904.4734 	DATA 	Keypress: 3
