0.0004 	WARNING 	Monitor specification not found. Creating a temporary one...
16.4706 	DATA 	Keypress: space
21.9517 	DATA 	Keypress: space
34.8932 	DATA 	Keypress: space
37.5796 	DATA 	Keypress: j
39.5599 	DATA 	Keypress: j
41.7961 	DATA 	Keypress: j
44.1580 	DATA 	Keypress: j
46.6288 	DATA 	Keypress: j
48.8830 	DATA 	Keypress: j
51.1504 	DATA 	Keypress: j
53.5278 	DATA 	Keypress: j
55.3100 	DATA 	Keypress: j
58.1651 	DATA 	Keypress: j
59.9576 	DATA 	Keypress: j
62.4332 	DATA 	Keypress: j
64.6924 	DATA 	Keypress: j
66.5446 	DATA 	Keypress: j
68.9802 	DATA 	Keypress: j
71.0618 	DATA 	Keypress: j
73.3295 	DATA 	Keypress: j
75.5779 	DATA 	Keypress: j
77.8284 	DATA 	Keypress: j
80.0953 	DATA 	Keypress: j
82.3608 	DATA 	Keypress: j
84.6112 	DATA 	Keypress: j
86.9568 	DATA 	Keypress: j
89.2813 	DATA 	Keypress: j
91.3949 	DATA 	Keypress: j
93.6451 	DATA 	Keypress: j
95.9714 	DATA 	Keypress: j
98.2705 	DATA 	Keypress: j
100.4265 	DATA 	Keypress: j
102.6792 	DATA 	Keypress: j
104.9287 	DATA 	Keypress: j
107.1947 	DATA 	Keypress: j
109.4452 	DATA 	Keypress: j
111.3485 	DATA 	Keypress: j
113.6107 	DATA 	Keypress: j
116.2442 	DATA 	Keypress: j
118.1617 	DATA 	Keypress: j
120.4289 	DATA 	Keypress: j
123.0109 	DATA 	Keypress: j
125.2794 	DATA 	Keypress: j
127.1485 	DATA 	Keypress: j
129.8118 	DATA 	Keypress: j
131.6482 	DATA 	Keypress: j
134.3459 	DATA 	Keypress: j
136.2787 	DATA 	Keypress: j
138.8623 	DATA 	Keypress: j
140.7650 	DATA 	Keypress: j
143.3952 	DATA 	Keypress: j
145.6783 	DATA 	Keypress: j
147.9275 	DATA 	Keypress: j
149.8625 	DATA 	Keypress: j
152.0660 	DATA 	Keypress: j
154.7291 	DATA 	Keypress: j
156.6623 	DATA 	Keypress: j
159.2456 	DATA 	Keypress: j
161.5123 	DATA 	Keypress: j
163.4630 	DATA 	Keypress: j
165.6651 	DATA 	Keypress: j
167.9327 	DATA 	Keypress: j
170.1440 	DATA 	Keypress: j
172.3985 	DATA 	Keypress: j
174.6986 	DATA 	Keypress: j
176.9781 	DATA 	Keypress: j
179.2955 	DATA 	Keypress: j
181.5151 	DATA 	Keypress: j
183.7780 	DATA 	Keypress: j
186.0629 	DATA 	Keypress: j
188.2328 	DATA 	Keypress: j
190.4818 	DATA 	Keypress: j
192.7653 	DATA 	Keypress: j
194.9781 	DATA 	Keypress: j
197.2988 	DATA 	Keypress: j
199.4769 	DATA 	Keypress: j
201.8440 	DATA 	Keypress: j
204.0770 	DATA 	Keypress: j
206.3491 	DATA 	Keypress: j
209.1215 	DATA 	Keypress: j
211.3109 	DATA 	Keypress: j
213.5795 	DATA 	Keypress: j
215.8520 	DATA 	Keypress: j
218.1112 	DATA 	Keypress: j
220.3633 	DATA 	Keypress: j
222.6283 	DATA 	Keypress: j
224.5331 	DATA 	Keypress: j
227.1615 	DATA 	Keypress: j
229.4124 	DATA 	Keypress: j
231.6934 	DATA 	Keypress: j
233.9609 	DATA 	Keypress: j
236.2284 	DATA 	Keypress: j
239.1106 	DATA 	Keypress: j
241.2672 	DATA 	Keypress: j
243.0277 	DATA 	Keypress: j
245.2957 	DATA 	Keypress: j
247.5445 	DATA 	Keypress: j
249.8111 	DATA 	Keypress: j
251.7436 	DATA 	Keypress: j
254.0451 	DATA 	Keypress: j
256.2782 	DATA 	Keypress: j
258.4489 	DATA 	Keypress: j
260.6603 	DATA 	Keypress: j
268.6004 	DATA 	Keypress: space
271.8830 	DATA 	Keypress: j
273.0225 	DATA 	Keypress: f
275.2116 	DATA 	Keypress: j
277.4612 	DATA 	Keypress: j
279.7116 	DATA 	Keypress: j
282.9444 	DATA 	Keypress: j
284.6691 	DATA 	Keypress: j
286.5342 	DATA 	Keypress: f
289.2033 	DATA 	Keypress: f
291.0619 	DATA 	Keypress: j
293.3131 	DATA 	Keypress: j
295.5784 	DATA 	Keypress: f
297.8293 	DATA 	Keypress: f
300.1282 	DATA 	Keypress: j
302.3787 	DATA 	Keypress: j
304.6294 	DATA 	Keypress: j
307.4109 	DATA 	Keypress: f
309.3379 	DATA 	Keypress: f
311.4289 	DATA 	Keypress: j
313.6790 	DATA 	Keypress: j
315.9630 	DATA 	Keypress: f
318.2287 	DATA 	Keypress: f
320.4794 	DATA 	Keypress: f
322.7287 	DATA 	Keypress: j
325.0125 	DATA 	Keypress: j
327.2611 	DATA 	Keypress: f
329.5302 	DATA 	Keypress: f
331.3824 	DATA 	Keypress: f
333.7110 	DATA 	Keypress: f
335.9948 	DATA 	Keypress: f
338.1480 	DATA 	Keypress: f
340.5117 	DATA 	Keypress: j
343.1118 	DATA 	Keypress: f
345.0292 	DATA 	Keypress: f
347.2118 	DATA 	Keypress: j
349.8775 	DATA 	Keypress: j
352.1633 	DATA 	Keypress: f
354.0437 	DATA 	Keypress: j
356.2330 	DATA 	Keypress: j
358.4439 	DATA 	Keypress: j
360.8600 	DATA 	Keypress: f
363.0819 	DATA 	Keypress: j
365.3497 	DATA 	Keypress: f
367.6831 	DATA 	Keypress: j
369.9443 	DATA 	Keypress: j
372.0623 	DATA 	Keypress: j
374.4108 	DATA 	Keypress: f
376.5992 	DATA 	Keypress: j
378.9329 	DATA 	Keypress: f
381.1939 	DATA 	Keypress: f
383.4996 	DATA 	Keypress: j
385.8125 	DATA 	Keypress: f
388.3959 	DATA 	Keypress: f
390.2443 	DATA 	Keypress: f
392.5498 	DATA 	Keypress: f
395.1779 	DATA 	Keypress: j
396.9497 	DATA 	Keypress: j
399.2497 	DATA 	Keypress: j
401.5657 	DATA 	Keypress: f
403.8657 	DATA 	Keypress: j
406.0608 	DATA 	Keypress: f
408.3956 	DATA 	Keypress: j
410.5777 	DATA 	Keypress: f
412.8331 	DATA 	Keypress: j
415.5294 	DATA 	Keypress: j
417.4158 	DATA 	Keypress: j
419.6838 	DATA 	Keypress: f
421.9483 	DATA 	Keypress: j
424.1331 	DATA 	Keypress: j
426.4156 	DATA 	Keypress: j
428.6934 	DATA 	Keypress: j
430.9932 	DATA 	Keypress: f
433.2324 	DATA 	Keypress: f
435.5463 	DATA 	Keypress: j
437.7944 	DATA 	Keypress: j
439.9653 	DATA 	Keypress: j
442.2936 	DATA 	Keypress: f
444.5487 	DATA 	Keypress: f
446.7606 	DATA 	Keypress: f
449.4795 	DATA 	Keypress: f
451.3444 	DATA 	Keypress: f
453.5991 	DATA 	Keypress: j
455.8999 	DATA 	Keypress: f
458.5292 	DATA 	Keypress: j
460.7788 	DATA 	Keypress: f
462.6611 	DATA 	Keypress: j
464.9617 	DATA 	Keypress: f
467.1657 	DATA 	Keypress: f
469.4147 	DATA 	Keypress: f
472.0789 	DATA 	Keypress: j
474.3277 	DATA 	Keypress: f
476.1781 	DATA 	Keypress: j
478.4607 	DATA 	Keypress: f
480.6823 	DATA 	Keypress: j
482.9445 	DATA 	Keypress: j
485.2153 	DATA 	Keypress: j
487.8967 	DATA 	Keypress: j
490.1620 	DATA 	Keypress: j
492.4955 	DATA 	Keypress: j
494.6788 	DATA 	Keypress: f
507.5352 	DATA 	Keypress: space
510.4444 	DATA 	Keypress: j
512.0031 	DATA 	Keypress: j
514.1274 	DATA 	Keypress: f
516.3782 	DATA 	Keypress: j
518.6294 	DATA 	Keypress: j
520.8874 	DATA 	Keypress: f
523.1298 	DATA 	Keypress: j
525.3792 	DATA 	Keypress: j
527.6314 	DATA 	Keypress: j
529.9030 	DATA 	Keypress: f
532.2852 	DATA 	Keypress: j
534.5389 	DATA 	Keypress: f
536.6455 	DATA 	Keypress: j
538.9126 	DATA 	Keypress: f
541.1795 	DATA 	Keypress: j
543.4291 	DATA 	Keypress: j
545.7985 	DATA 	Keypress: f
547.9281 	DATA 	Keypress: j
550.2055 	DATA 	Keypress: f
552.4444 	DATA 	Keypress: j
554.6944 	DATA 	Keypress: j
556.9455 	DATA 	Keypress: j
559.2122 	DATA 	Keypress: f
561.4630 	DATA 	Keypress: j
563.7124 	DATA 	Keypress: f
565.9630 	DATA 	Keypress: f
568.2286 	DATA 	Keypress: j
570.4784 	DATA 	Keypress: f
572.3629 	DATA 	Keypress: f
574.9794 	DATA 	Keypress: f
576.8442 	DATA 	Keypress: f
579.1779 	DATA 	Keypress: f
581.4448 	DATA 	Keypress: f
584.0119 	DATA 	Keypress: f
586.2787 	DATA 	Keypress: j
588.5275 	DATA 	Keypress: j
590.4443 	DATA 	Keypress: j
592.7107 	DATA 	Keypress: j
595.2952 	DATA 	Keypress: f
597.5441 	DATA 	Keypress: f
599.7964 	DATA 	Keypress: j
602.0456 	DATA 	Keypress: f
604.3295 	DATA 	Keypress: j
606.5800 	DATA 	Keypress: j
608.8289 	DATA 	Keypress: f
611.0794 	DATA 	Keypress: j
613.3454 	DATA 	Keypress: j
615.5952 	DATA 	Keypress: f
617.8448 	DATA 	Keypress: f
620.0969 	DATA 	Keypress: f
622.3630 	DATA 	Keypress: f
624.6134 	DATA 	Keypress: f
626.8623 	DATA 	Keypress: f
629.1138 	DATA 	Keypress: f
631.4116 	DATA 	Keypress: f
633.6794 	DATA 	Keypress: j
635.9115 	DATA 	Keypress: f
638.1633 	DATA 	Keypress: j
640.4307 	DATA 	Keypress: j
642.6791 	DATA 	Keypress: j
644.9577 	DATA 	Keypress: f
647.1774 	DATA 	Keypress: j
649.4450 	DATA 	Keypress: j
651.6953 	DATA 	Keypress: j
653.9895 	DATA 	Keypress: f
656.1957 	DATA 	Keypress: f
658.4463 	DATA 	Keypress: f
660.6966 	DATA 	Keypress: j
662.9463 	DATA 	Keypress: f
665.1949 	DATA 	Keypress: f
667.4515 	DATA 	Keypress: j
669.7287 	DATA 	Keypress: j
671.9793 	DATA 	Keypress: f
674.2290 	DATA 	Keypress: j
676.4787 	DATA 	Keypress: f
678.7460 	DATA 	Keypress: j
680.9964 	DATA 	Keypress: f
683.2445 	DATA 	Keypress: j
685.4955 	DATA 	Keypress: j
687.7802 	DATA 	Keypress: j
690.0379 	DATA 	Keypress: j
692.2797 	DATA 	Keypress: f
694.5295 	DATA 	Keypress: j
696.7962 	DATA 	Keypress: j
699.0464 	DATA 	Keypress: f
701.2959 	DATA 	Keypress: j
703.5469 	DATA 	Keypress: f
705.8293 	DATA 	Keypress: f
708.0803 	DATA 	Keypress: f
710.3294 	DATA 	Keypress: f
712.5784 	DATA 	Keypress: j
714.8469 	DATA 	Keypress: f
717.1275 	DATA 	Keypress: f
719.3465 	DATA 	Keypress: j
721.5967 	DATA 	Keypress: f
723.8466 	DATA 	Keypress: j
726.1118 	DATA 	Keypress: j
728.3846 	DATA 	Keypress: j
730.6969 	DATA 	Keypress: f
732.9112 	DATA 	Keypress: f
754.4476 	DATA 	Keypress: space
758.5506 	DATA 	Keypress: 2
762.2324 	DATA 	Keypress: 2
764.6542 	DATA 	Keypress: 2
766.9232 	DATA 	Keypress: 2
769.0975 	DATA 	Keypress: 2
771.1098 	DATA 	Keypress: 2
773.3817 	DATA 	Keypress: 2
775.4106 	DATA 	Keypress: 2
777.5469 	DATA 	Keypress: 2
779.7132 	DATA 	Keypress: 2
781.9775 	DATA 	Keypress: 2
784.1075 	DATA 	Keypress: 2
786.2030 	DATA 	Keypress: 2
788.2279 	DATA 	Keypress: 2
790.1462 	DATA 	Keypress: 2
792.3456 	DATA 	Keypress: 2
794.3406 	DATA 	Keypress: 2
796.3892 	DATA 	Keypress: 2
798.4394 	DATA 	Keypress: 2
800.5371 	DATA 	Keypress: 2
802.6572 	DATA 	Keypress: 2
804.6818 	DATA 	Keypress: 2
806.7657 	DATA 	Keypress: 2
808.7727 	DATA 	Keypress: 2
810.6906 	DATA 	Keypress: 2
812.5841 	DATA 	Keypress: 2
814.4592 	DATA 	Keypress: 2
817.1945 	DATA 	Keypress: 1
819.1740 	DATA 	Keypress: 2
821.1173 	DATA 	Keypress: 2
823.1430 	DATA 	Keypress: 2
825.1517 	DATA 	Keypress: 2
827.4346 	DATA 	Keypress: 1
829.4682 	DATA 	Keypress: 2
831.5471 	DATA 	Keypress: 2
833.6200 	DATA 	Keypress: 2
835.7468 	DATA 	Keypress: 1
838.3562 	DATA 	Keypress: 1
840.2095 	DATA 	Keypress: 2
842.2446 	DATA 	Keypress: 2
844.2746 	DATA 	Keypress: 2
846.1285 	DATA 	Keypress: 2
848.3303 	DATA 	Keypress: 2
850.2921 	DATA 	Keypress: 1
852.2392 	DATA 	Keypress: 1
854.2969 	DATA 	Keypress: 1
856.2571 	DATA 	Keypress: 1
858.1809 	DATA 	Keypress: 1
860.3446 	DATA 	Keypress: 1
862.5171 	DATA 	Keypress: 2
864.5052 	DATA 	Keypress: 2
866.5035 	DATA 	Keypress: 2
868.4882 	DATA 	Keypress: 2
870.2992 	DATA 	Keypress: 2
