0.0004 	WARNING 	Monitor specification not found. Creating a temporary one...
52.6232 	DATA 	Keypress: space
57.6551 	DATA 	Keypress: space
66.1768 	DATA 	Keypress: space
68.4999 	DATA 	Keypress: f
70.7094 	DATA 	Keypress: f
72.6093 	DATA 	Keypress: f
75.8586 	DATA 	Keypress: f
79.7446 	DATA 	Keypress: f
81.4932 	DATA 	Keypress: j
83.7764 	DATA 	Keypress: j
85.9607 	DATA 	Keypress: j
88.2432 	DATA 	Keypress: f
90.6262 	DATA 	Keypress: f
93.2423 	DATA 	Keypress: f
95.0761 	DATA 	Keypress: f
97.7444 	DATA 	Keypress: f
99.3088 	DATA 	Keypress: j
101.8433 	DATA 	Keypress: f
104.4941 	DATA 	Keypress: j
106.4262 	DATA 	Keypress: j
108.5098 	DATA 	Keypress: f
110.7255 	DATA 	Keypress: f
112.9934 	DATA 	Keypress: j
115.2427 	DATA 	Keypress: j
117.5421 	DATA 	Keypress: j
119.7098 	DATA 	Keypress: j
121.9090 	DATA 	Keypress: f
124.2590 	DATA 	Keypress: j
126.4601 	DATA 	Keypress: j
128.7589 	DATA 	Keypress: f
131.0267 	DATA 	Keypress: f
133.7449 	DATA 	Keypress: f
135.4754 	DATA 	Keypress: f
137.6601 	DATA 	Keypress: f
139.8252 	DATA 	Keypress: f
142.7606 	DATA 	Keypress: j
145.0106 	DATA 	Keypress: j
146.9109 	DATA 	Keypress: j
149.1091 	DATA 	Keypress: j
150.9762 	DATA 	Keypress: f
154.0279 	DATA 	Keypress: j
155.8271 	DATA 	Keypress: f
157.9598 	DATA 	Keypress: j
160.2762 	DATA 	Keypress: j
162.5772 	DATA 	Keypress: j
164.7763 	DATA 	Keypress: f
167.1099 	DATA 	Keypress: j
169.4753 	DATA 	Keypress: f
171.5933 	DATA 	Keypress: f
173.8102 	DATA 	Keypress: f
176.1611 	DATA 	Keypress: j
178.2766 	DATA 	Keypress: j
180.6600 	DATA 	Keypress: j
182.8089 	DATA 	Keypress: j
185.0425 	DATA 	Keypress: j
187.3948 	DATA 	Keypress: j
189.6257 	DATA 	Keypress: j
192.0096 	DATA 	Keypress: j
194.0432 	DATA 	Keypress: f
196.2941 	DATA 	Keypress: f
198.7930 	DATA 	Keypress: j
200.9764 	DATA 	Keypress: j
202.9268 	DATA 	Keypress: j
205.3100 	DATA 	Keypress: j
208.1601 	DATA 	Keypress: j
209.9091 	DATA 	Keypress: f
212.1769 	DATA 	Keypress: f
214.4600 	DATA 	Keypress: j
216.7765 	DATA 	Keypress: f
218.9924 	DATA 	Keypress: j
221.3278 	DATA 	Keypress: f
223.4767 	DATA 	Keypress: f
225.6272 	DATA 	Keypress: j
228.1089 	DATA 	Keypress: f
230.2437 	DATA 	Keypress: f
232.4422 	DATA 	Keypress: f
234.7764 	DATA 	Keypress: f
236.8928 	DATA 	Keypress: j
239.2088 	DATA 	Keypress: f
241.3255 	DATA 	Keypress: j
244.3277 	DATA 	Keypress: j
245.9767 	DATA 	Keypress: f
248.4428 	DATA 	Keypress: j
250.5933 	DATA 	Keypress: j
253.3435 	DATA 	Keypress: f
255.0932 	DATA 	Keypress: j
257.3102 	DATA 	Keypress: f
259.5934 	DATA 	Keypress: j
262.0260 	DATA 	Keypress: f
264.1101 	DATA 	Keypress: j
266.8603 	DATA 	Keypress: j
268.7256 	DATA 	Keypress: f
270.9261 	DATA 	Keypress: j
273.6281 	DATA 	Keypress: f
275.3589 	DATA 	Keypress: j
277.7268 	DATA 	Keypress: f
279.8768 	DATA 	Keypress: j
282.2099 	DATA 	Keypress: f
284.2934 	DATA 	Keypress: j
286.6935 	DATA 	Keypress: f
288.9438 	DATA 	Keypress: f
291.2096 	DATA 	Keypress: j
299.1033 	DATA 	Keypress: space
301.5958 	DATA 	Keypress: j
303.4429 	DATA 	Keypress: f
305.2807 	DATA 	Keypress: j
307.5984 	DATA 	Keypress: f
309.7925 	DATA 	Keypress: j
312.4940 	DATA 	Keypress: j
314.3477 	DATA 	Keypress: j
316.3810 	DATA 	Keypress: j
318.9271 	DATA 	Keypress: j
321.0434 	DATA 	Keypress: f
323.4592 	DATA 	Keypress: j
325.6755 	DATA 	Keypress: j
327.8652 	DATA 	Keypress: j
330.6268 	DATA 	Keypress: f
332.4981 	DATA 	Keypress: f
334.7648 	DATA 	Keypress: f
337.0759 	DATA 	Keypress: f
339.2433 	DATA 	Keypress: f
341.5426 	DATA 	Keypress: f
343.7416 	DATA 	Keypress: f
346.0478 	DATA 	Keypress: f
348.2928 	DATA 	Keypress: j
350.5435 	DATA 	Keypress: j
352.8479 	DATA 	Keypress: f
355.1816 	DATA 	Keypress: f
357.3086 	DATA 	Keypress: j
359.5483 	DATA 	Keypress: f
361.6303 	DATA 	Keypress: j
364.5946 	DATA 	Keypress: f
366.4597 	DATA 	Keypress: j
368.5807 	DATA 	Keypress: j
370.8983 	DATA 	Keypress: j
372.9483 	DATA 	Keypress: j
375.1983 	DATA 	Keypress: j
377.6089 	DATA 	Keypress: j
379.7311 	DATA 	Keypress: j
382.1809 	DATA 	Keypress: j
384.3319 	DATA 	Keypress: j
386.6259 	DATA 	Keypress: j
388.8804 	DATA 	Keypress: j
391.1810 	DATA 	Keypress: f
394.0258 	DATA 	Keypress: j
395.9096 	DATA 	Keypress: j
398.0316 	DATA 	Keypress: j
400.3267 	DATA 	Keypress: f
402.5417 	DATA 	Keypress: f
404.7603 	DATA 	Keypress: f
407.1818 	DATA 	Keypress: f
409.4586 	DATA 	Keypress: f
411.7482 	DATA 	Keypress: f
413.9312 	DATA 	Keypress: j
416.6775 	DATA 	Keypress: j
418.6277 	DATA 	Keypress: f
420.8770 	DATA 	Keypress: f
423.0975 	DATA 	Keypress: f
425.3750 	DATA 	Keypress: j
427.6314 	DATA 	Keypress: j
430.2603 	DATA 	Keypress: j
432.5105 	DATA 	Keypress: f
434.7933 	DATA 	Keypress: f
437.2018 	DATA 	Keypress: j
438.9942 	DATA 	Keypress: f
441.5611 	DATA 	Keypress: f
443.3988 	DATA 	Keypress: f
446.0947 	DATA 	Keypress: f
447.6981 	DATA 	Keypress: j
450.2652 	DATA 	Keypress: j
452.9113 	DATA 	Keypress: f
455.1616 	DATA 	Keypress: f
457.8340 	DATA 	Keypress: j
459.6761 	DATA 	Keypress: j
461.9599 	DATA 	Keypress: f
464.2105 	DATA 	Keypress: f
466.4776 	DATA 	Keypress: f
468.7268 	DATA 	Keypress: j
471.0090 	DATA 	Keypress: f
473.2609 	DATA 	Keypress: f
475.5737 	DATA 	Keypress: f
477.7609 	DATA 	Keypress: f
480.0437 	DATA 	Keypress: f
481.9624 	DATA 	Keypress: f
483.9928 	DATA 	Keypress: j
486.8758 	DATA 	Keypress: j
489.0941 	DATA 	Keypress: f
490.9141 	DATA 	Keypress: j
493.1806 	DATA 	Keypress: j
495.8644 	DATA 	Keypress: j
498.1750 	DATA 	Keypress: j
499.9761 	DATA 	Keypress: f
502.0764 	DATA 	Keypress: j
504.4263 	DATA 	Keypress: j
507.2281 	DATA 	Keypress: f
509.5864 	DATA 	Keypress: j
511.7446 	DATA 	Keypress: j
513.4991 	DATA 	Keypress: j
516.4679 	DATA 	Keypress: j
518.1474 	DATA 	Keypress: j
520.1982 	DATA 	Keypress: j
523.0765 	DATA 	Keypress: f
525.3281 	DATA 	Keypress: j
531.8395 	DATA 	Keypress: space
534.3620 	DATA 	Keypress: j
536.2093 	DATA 	Keypress: j
537.9771 	DATA 	Keypress: j
540.3484 	DATA 	Keypress: j
542.6091 	DATA 	Keypress: j
544.7482 	DATA 	Keypress: j
546.9807 	DATA 	Keypress: j
549.2803 	DATA 	Keypress: j
551.2478 	DATA 	Keypress: j
553.4159 	DATA 	Keypress: j
555.8321 	DATA 	Keypress: j
558.1976 	DATA 	Keypress: j
560.2147 	DATA 	Keypress: j
562.4487 	DATA 	Keypress: j
564.7989 	DATA 	Keypress: j
567.1431 	DATA 	Keypress: j
569.7762 	DATA 	Keypress: j
571.6977 	DATA 	Keypress: j
573.8267 	DATA 	Keypress: j
575.7318 	DATA 	Keypress: j
578.6984 	DATA 	Keypress: j
581.0160 	DATA 	Keypress: j
583.7780 	DATA 	Keypress: j
586.0439 	DATA 	Keypress: j
588.3101 	DATA 	Keypress: f
590.5996 	DATA 	Keypress: j
592.3982 	DATA 	Keypress: j
594.5977 	DATA 	Keypress: j
596.8422 	DATA 	Keypress: j
599.2658 	DATA 	Keypress: j
601.8955 	DATA 	Keypress: j
603.8451 	DATA 	Keypress: j
606.8357 	DATA 	Keypress: f
609.1227 	DATA 	Keypress: j
610.5477 	DATA 	Keypress: j
612.6815 	DATA 	Keypress: j
615.5114 	DATA 	Keypress: j
618.5145 	DATA 	Keypress: j
621.2488 	DATA 	Keypress: j
623.7100 	DATA 	Keypress: f
624.5595 	DATA 	Keypress: f
626.1984 	DATA 	Keypress: j
629.1222 	DATA 	Keypress: f
630.8152 	DATA 	Keypress: j
634.1820 	DATA 	Keypress: j
635.3251 	DATA 	Keypress: j
638.3187 	DATA 	Keypress: j
643.1210 	DATA 	Keypress: j
644.4913 	DATA 	Keypress: j
647.3344 	DATA 	Keypress: j
649.5606 	DATA 	Keypress: f
654.5202 	DATA 	Keypress: f
655.8476 	DATA 	Keypress: f
658.6916 	DATA 	Keypress: f
660.9498 	DATA 	Keypress: f
662.6756 	DATA 	Keypress: j
667.7489 	DATA 	Keypress: j
669.3259 	DATA 	Keypress: j
674.4767 	DATA 	Keypress: j
676.7283 	DATA 	Keypress: f
680.8421 	DATA 	Keypress: j
683.1637 	DATA 	Keypress: j
685.4443 	DATA 	Keypress: f
690.8094 	DATA 	Keypress: f
692.0637 	DATA 	Keypress: f
694.8610 	DATA 	Keypress: j
700.7152 	DATA 	Keypress: f
701.8092 	DATA 	Keypress: f
703.4486 	DATA 	Keypress: f
709.0827 	DATA 	Keypress: f
710.3593 	DATA 	Keypress: j
712.6263 	DATA 	Keypress: j
714.8320 	DATA 	Keypress: f
722.9821 	DATA 	Keypress: f
724.0272 	DATA 	Keypress: j
726.7773 	DATA 	Keypress: j
731.1265 	DATA 	Keypress: f
738.9813 	DATA 	Keypress: j
739.6590 	DATA 	Keypress: j
742.4438 	DATA 	Keypress: j
747.3949 	DATA 	Keypress: j
748.7806 	DATA 	Keypress: f
753.7770 	DATA 	Keypress: j
757.9147 	DATA 	Keypress: j
788.0646 	DATA 	Keypress: space
791.0219 	DATA 	Keypress: 1
795.7493 	DATA 	Keypress: 2
797.8199 	DATA 	Keypress: 1
799.6102 	DATA 	Keypress: 1
801.3302 	DATA 	Keypress: 1
803.0596 	DATA 	Keypress: 1
805.6427 	DATA 	Keypress: 3
807.8237 	DATA 	Keypress: 3
809.9470 	DATA 	Keypress: 2
811.5819 	DATA 	Keypress: 2
813.4954 	DATA 	Keypress: 1
815.2611 	DATA 	Keypress: 1
816.9598 	DATA 	Keypress: 1
818.8131 	DATA 	Keypress: 3
822.2337 	DATA 	Keypress: 4
824.6272 	DATA 	Keypress: 1
826.9524 	DATA 	Keypress: 2
829.4169 	DATA 	Keypress: 4
831.7410 	DATA 	Keypress: 1
833.4143 	DATA 	Keypress: 1
834.7272 	DATA 	Keypress: 1
837.2515 	DATA 	Keypress: 1
838.7762 	DATA 	Keypress: 1
841.2764 	DATA 	Keypress: 1
843.5381 	DATA 	Keypress: 4
845.2930 	DATA 	Keypress: 4
847.1638 	DATA 	Keypress: 4
848.7934 	DATA 	Keypress: 1
850.3817 	DATA 	Keypress: 1
852.5427 	DATA 	Keypress: 1
853.6817 	DATA 	Keypress: 1
857.0685 	DATA 	Keypress: 1
862.6656 	DATA 	Keypress: 2
864.6838 	DATA 	Keypress: 1
866.5995 	DATA 	Keypress: 2
869.7582 	DATA 	Keypress: 2
871.7634 	DATA 	Keypress: 1
874.0932 	DATA 	Keypress: 1
879.6391 	DATA 	Keypress: 1
881.2754 	DATA 	Keypress: 1
884.1593 	DATA 	Keypress: 4
886.4332 	DATA 	Keypress: 1
888.5754 	DATA 	Keypress: 3
888.7456 	DATA 	Keypress: 1
897.0553 	DATA 	Keypress: 2
903.7714 	DATA 	Keypress: 1
906.3851 	DATA 	Keypress: 4
910.7850 	DATA 	Keypress: 1
912.5426 	DATA 	Keypress: 1
914.0597 	DATA 	Keypress: 1
916.0597 	DATA 	Keypress: 2
917.6098 	DATA 	Keypress: 2
919.7575 	DATA 	Keypress: 1
922.3022 	DATA 	Keypress: 4
