0.0004 	WARNING 	Monitor specification not found. Creating a temporary one...
47.8086 	DATA 	Keypress: space
51.9695 	DATA 	Keypress: space
59.9437 	DATA 	Keypress: space
62.2143 	DATA 	Keypress: j
64.4641 	DATA 	Keypress: j
67.0966 	DATA 	Keypress: j
69.3449 	DATA 	Keypress: j
70.8640 	DATA 	Keypress: f
73.4821 	DATA 	Keypress: f
75.3965 	DATA 	Keypress: f
77.5791 	DATA 	Keypress: j
80.2475 	DATA 	Keypress: f
82.4982 	DATA 	Keypress: j
84.7653 	DATA 	Keypress: f
86.6966 	DATA 	Keypress: j
89.2648 	DATA 	Keypress: f
91.5139 	DATA 	Keypress: f
93.4471 	DATA 	Keypress: f
95.5317 	DATA 	Keypress: j
97.7985 	DATA 	Keypress: j
100.0127 	DATA 	Keypress: j
102.4144 	DATA 	Keypress: j
104.5634 	DATA 	Keypress: j
106.8137 	DATA 	Keypress: f
109.0972 	DATA 	Keypress: j
111.3129 	DATA 	Keypress: j
114.0813 	DATA 	Keypress: f
115.8136 	DATA 	Keypress: j
118.0633 	DATA 	Keypress: f
120.3805 	DATA 	Keypress: j
122.5797 	DATA 	Keypress: j
124.8143 	DATA 	Keypress: j
127.0637 	DATA 	Keypress: j
129.3124 	DATA 	Keypress: j
129.3463 	DATA 	Keypress: h
131.6480 	DATA 	Keypress: j
133.7967 	DATA 	Keypress: f
136.1808 	DATA 	Keypress: f
138.8815 	DATA 	Keypress: f
140.6643 	DATA 	Keypress: f
143.3813 	DATA 	Keypress: f
145.1973 	DATA 	Keypress: f
147.4137 	DATA 	Keypress: f
150.8468 	DATA 	Keypress: f
151.9643 	DATA 	Keypress: j
154.3969 	DATA 	Keypress: f
156.5803 	DATA 	Keypress: f
158.7136 	DATA 	Keypress: f
161.0632 	DATA 	Keypress: j
163.2632 	DATA 	Keypress: f
165.6650 	DATA 	Keypress: j
167.7793 	DATA 	Keypress: j
170.0637 	DATA 	Keypress: f
172.3966 	DATA 	Keypress: j
174.5995 	DATA 	Keypress: j
177.0635 	DATA 	Keypress: f
179.1299 	DATA 	Keypress: j
181.3475 	DATA 	Keypress: f
183.5798 	DATA 	Keypress: j
185.8474 	DATA 	Keypress: j
188.0975 	DATA 	Keypress: f
190.4803 	DATA 	Keypress: f
192.8129 	DATA 	Keypress: j
195.4145 	DATA 	Keypress: j
197.3301 	DATA 	Keypress: j
199.5794 	DATA 	Keypress: j
201.6647 	DATA 	Keypress: f
203.9625 	DATA 	Keypress: f
206.2638 	DATA 	Keypress: j
208.3633 	DATA 	Keypress: j
210.7296 	DATA 	Keypress: f
212.9642 	DATA 	Keypress: f
215.2145 	DATA 	Keypress: j
217.4805 	DATA 	Keypress: f
220.1819 	DATA 	Keypress: f
221.9637 	DATA 	Keypress: j
224.6797 	DATA 	Keypress: f
226.4975 	DATA 	Keypress: j
228.8642 	DATA 	Keypress: f
231.0655 	DATA 	Keypress: f
233.7306 	DATA 	Keypress: f
235.4633 	DATA 	Keypress: j
237.7970 	DATA 	Keypress: f
239.9464 	DATA 	Keypress: f
242.2142 	DATA 	Keypress: f
244.4803 	DATA 	Keypress: j
246.7965 	DATA 	Keypress: j
248.9137 	DATA 	Keypress: f
251.2141 	DATA 	Keypress: f
253.5306 	DATA 	Keypress: f
255.8145 	DATA 	Keypress: j
258.0807 	DATA 	Keypress: f
260.2134 	DATA 	Keypress: f
262.5294 	DATA 	Keypress: j
264.7462 	DATA 	Keypress: j
266.8479 	DATA 	Keypress: j
269.1145 	DATA 	Keypress: j
271.3467 	DATA 	Keypress: j
273.5636 	DATA 	Keypress: j
275.8802 	DATA 	Keypress: j
278.1811 	DATA 	Keypress: j
280.4306 	DATA 	Keypress: j
282.7976 	DATA 	Keypress: f
285.0471 	DATA 	Keypress: f
293.9416 	DATA 	Keypress: space
296.4245 	DATA 	Keypress: j
297.9643 	DATA 	Keypress: j
300.5307 	DATA 	Keypress: f
302.8633 	DATA 	Keypress: f
304.6857 	DATA 	Keypress: j
306.8631 	DATA 	Keypress: j
309.0969 	DATA 	Keypress: j
311.3136 	DATA 	Keypress: j
313.5027 	DATA 	Keypress: j
315.9636 	DATA 	Keypress: j
318.3149 	DATA 	Keypress: f
320.9142 	DATA 	Keypress: f
323.1809 	DATA 	Keypress: f
325.0980 	DATA 	Keypress: j
327.8944 	DATA 	Keypress: f
329.4686 	DATA 	Keypress: j
331.6683 	DATA 	Keypress: j
333.9891 	DATA 	Keypress: j
336.3132 	DATA 	Keypress: j
338.6347 	DATA 	Keypress: j
340.7683 	DATA 	Keypress: j
343.0520 	DATA 	Keypress: j
345.4026 	DATA 	Keypress: f
347.7194 	DATA 	Keypress: f
349.9964 	DATA 	Keypress: j
352.0639 	DATA 	Keypress: j
354.3627 	DATA 	Keypress: j
356.7020 	DATA 	Keypress: f
358.9188 	DATA 	Keypress: j
361.1299 	DATA 	Keypress: f
363.9136 	DATA 	Keypress: j
365.6517 	DATA 	Keypress: f
368.0019 	DATA 	Keypress: j
370.2024 	DATA 	Keypress: f
372.2796 	DATA 	Keypress: j
374.6686 	DATA 	Keypress: f
376.8629 	DATA 	Keypress: j
379.0519 	DATA 	Keypress: f
381.4859 	DATA 	Keypress: f
383.7303 	DATA 	Keypress: j
386.0682 	DATA 	Keypress: j
388.3026 	DATA 	Keypress: j
390.5467 	DATA 	Keypress: j
392.8181 	DATA 	Keypress: f
395.5815 	DATA 	Keypress: f
397.8483 	DATA 	Keypress: j
400.1147 	DATA 	Keypress: f
401.9293 	DATA 	Keypress: f
404.1516 	DATA 	Keypress: f
406.4014 	DATA 	Keypress: j
408.7527 	DATA 	Keypress: f
411.4316 	DATA 	Keypress: j
413.7148 	DATA 	Keypress: f
415.4033 	DATA 	Keypress: j
417.7524 	DATA 	Keypress: j
420.5144 	DATA 	Keypress: f
422.4302 	DATA 	Keypress: f
424.6987 	DATA 	Keypress: f
426.7636 	DATA 	Keypress: j
429.0637 	DATA 	Keypress: j
431.3974 	DATA 	Keypress: f
433.5192 	DATA 	Keypress: j
435.8186 	DATA 	Keypress: f
438.0519 	DATA 	Keypress: f
440.4684 	DATA 	Keypress: f
443.1968 	DATA 	Keypress: j
445.0859 	DATA 	Keypress: f
447.1513 	DATA 	Keypress: j
449.5516 	DATA 	Keypress: j
451.7027 	DATA 	Keypress: j
453.9962 	DATA 	Keypress: f
456.3629 	DATA 	Keypress: j
458.5017 	DATA 	Keypress: f
460.9462 	DATA 	Keypress: f
463.5983 	DATA 	Keypress: j
465.4524 	DATA 	Keypress: j
468.1151 	DATA 	Keypress: f
470.0359 	DATA 	Keypress: f
472.2362 	DATA 	Keypress: j
474.9150 	DATA 	Keypress: f
476.7526 	DATA 	Keypress: f
479.0858 	DATA 	Keypress: j
481.3990 	DATA 	Keypress: f
483.9821 	DATA 	Keypress: f
485.9029 	DATA 	Keypress: f
488.9438 	DATA 	Keypress: j
490.2791 	DATA 	Keypress: j
492.6515 	DATA 	Keypress: j
494.9462 	DATA 	Keypress: j
497.5988 	DATA 	Keypress: f
499.4680 	DATA 	Keypress: j
501.5699 	DATA 	Keypress: f
503.9527 	DATA 	Keypress: j
506.1968 	DATA 	Keypress: j
508.4176 	DATA 	Keypress: j
510.6856 	DATA 	Keypress: f
513.4812 	DATA 	Keypress: f
515.2513 	DATA 	Keypress: j
517.3971 	DATA 	Keypress: f
519.8018 	DATA 	Keypress: j
524.3504 	DATA 	Keypress: space
526.8723 	DATA 	Keypress: j
528.3458 	DATA 	Keypress: j
530.6295 	DATA 	Keypress: j
532.6967 	DATA 	Keypress: j
535.5155 	DATA 	Keypress: j
537.9084 	DATA 	Keypress: j
539.5969 	DATA 	Keypress: j
541.7305 	DATA 	Keypress: j
543.9857 	DATA 	Keypress: j
546.2294 	DATA 	Keypress: j
548.6186 	DATA 	Keypress: j
551.3818 	DATA 	Keypress: j
553.6486 	DATA 	Keypress: j
555.9154 	DATA 	Keypress: j
558.1806 	DATA 	Keypress: j
560.1318 	DATA 	Keypress: j
562.7145 	DATA 	Keypress: j
565.0624 	DATA 	Keypress: j
567.2492 	DATA 	Keypress: f
569.1027 	DATA 	Keypress: j
571.4366 	DATA 	Keypress: j
574.0652 	DATA 	Keypress: f
575.9971 	DATA 	Keypress: j
578.2986 	DATA 	Keypress: j
580.5818 	DATA 	Keypress: f
583.5934 	DATA 	Keypress: j
584.9843 	DATA 	Keypress: j
587.7154 	DATA 	Keypress: f
589.4522 	DATA 	Keypress: j
591.6872 	DATA 	Keypress: j
594.5151 	DATA 	Keypress: f
596.7814 	DATA 	Keypress: j
598.7146 	DATA 	Keypress: f
601.3152 	DATA 	Keypress: j
603.5816 	DATA 	Keypress: j
605.8489 	DATA 	Keypress: f
608.1819 	DATA 	Keypress: j
610.8051 	DATA 	Keypress: j
612.6482 	DATA 	Keypress: j
614.4857 	DATA 	Keypress: j
617.2026 	DATA 	Keypress: f
619.4483 	DATA 	Keypress: f
621.7150 	DATA 	Keypress: f
623.9816 	DATA 	Keypress: f
625.8187 	DATA 	Keypress: f
628.5302 	DATA 	Keypress: j
630.7982 	DATA 	Keypress: f
633.1085 	DATA 	Keypress: j
635.3311 	DATA 	Keypress: f
637.2006 	DATA 	Keypress: j
639.8649 	DATA 	Keypress: j
642.1307 	DATA 	Keypress: j
644.3986 	DATA 	Keypress: j
646.0686 	DATA 	Keypress: j
648.6157 	DATA 	Keypress: j
650.7356 	DATA 	Keypress: j
653.4650 	DATA 	Keypress: f
655.7326 	DATA 	Keypress: j
657.6651 	DATA 	Keypress: j
660.2818 	DATA 	Keypress: j
662.5490 	DATA 	Keypress: j
665.2416 	DATA 	Keypress: f
667.2468 	DATA 	Keypress: f
669.8136 	DATA 	Keypress: f
671.6469 	DATA 	Keypress: j
673.3356 	DATA 	Keypress: j
675.7470 	DATA 	Keypress: j
678.0023 	DATA 	Keypress: j
680.7323 	DATA 	Keypress: j
682.6189 	DATA 	Keypress: f
685.2985 	DATA 	Keypress: j
687.6040 	DATA 	Keypress: f
689.5152 	DATA 	Keypress: f
692.0989 	DATA 	Keypress: f
693.9964 	DATA 	Keypress: j
696.0969 	DATA 	Keypress: f
698.4644 	DATA 	Keypress: f
700.6354 	DATA 	Keypress: f
703.4657 	DATA 	Keypress: f
705.1805 	DATA 	Keypress: j
707.9994 	DATA 	Keypress: f
710.3409 	DATA 	Keypress: f
712.1962 	DATA 	Keypress: j
714.8153 	DATA 	Keypress: j
717.0992 	DATA 	Keypress: j
719.3806 	DATA 	Keypress: f
721.1313 	DATA 	Keypress: f
723.5633 	DATA 	Keypress: j
725.7297 	DATA 	Keypress: j
728.0869 	DATA 	Keypress: j
730.7147 	DATA 	Keypress: j
732.9825 	DATA 	Keypress: f
734.9651 	DATA 	Keypress: j
737.2148 	DATA 	Keypress: j
739.8145 	DATA 	Keypress: j
742.0822 	DATA 	Keypress: j
744.3854 	DATA 	Keypress: j
746.6479 	DATA 	Keypress: j
748.5825 	DATA 	Keypress: f
751.1815 	DATA 	Keypress: f
771.4712 	DATA 	Keypress: space
774.0019 	DATA 	Keypress: 4
776.0906 	DATA 	Keypress: 1
778.1765 	DATA 	Keypress: 1
780.1754 	DATA 	Keypress: 1
782.1483 	DATA 	Keypress: 4
784.2131 	DATA 	Keypress: 4
786.2719 	DATA 	Keypress: 1
788.3409 	DATA 	Keypress: 3
790.4028 	DATA 	Keypress: 4
792.5867 	DATA 	Keypress: 3
794.5555 	DATA 	Keypress: 1
796.7184 	DATA 	Keypress: 4
798.9874 	DATA 	Keypress: 1
800.8571 	DATA 	Keypress: 1
803.0449 	DATA 	Keypress: 1
804.7973 	DATA 	Keypress: 1
806.7412 	DATA 	Keypress: 1
808.5115 	DATA 	Keypress: 4
810.1808 	DATA 	Keypress: 4
812.4611 	DATA 	Keypress: 4
814.3672 	DATA 	Keypress: 4
816.3401 	DATA 	Keypress: 3
818.2870 	DATA 	Keypress: 2
819.8850 	DATA 	Keypress: 1
821.9220 	DATA 	Keypress: 4
823.7912 	DATA 	Keypress: 1
825.9656 	DATA 	Keypress: 3
827.8418 	DATA 	Keypress: 4
829.4807 	DATA 	Keypress: 4
831.2842 	DATA 	Keypress: 3
833.0861 	DATA 	Keypress: 2
834.9135 	DATA 	Keypress: 1
836.6651 	DATA 	Keypress: 1
838.4473 	DATA 	Keypress: 1
840.0137 	DATA 	Keypress: 1
841.8146 	DATA 	Keypress: 1
843.6029 	DATA 	Keypress: 2
845.6033 	DATA 	Keypress: 1
848.0394 	DATA 	Keypress: 4
850.1604 	DATA 	Keypress: 4
852.5692 	DATA 	Keypress: 4
854.3812 	DATA 	Keypress: 2
856.0859 	DATA 	Keypress: 1
858.0682 	DATA 	Keypress: 4
859.7478 	DATA 	Keypress: 1
861.5348 	DATA 	Keypress: 1
863.3473 	DATA 	Keypress: 4
865.1390 	DATA 	Keypress: 4
866.8640 	DATA 	Keypress: 3
868.7696 	DATA 	Keypress: 1
870.6769 	DATA 	Keypress: 4
872.3365 	DATA 	Keypress: 2
873.8860 	DATA 	Keypress: 1
875.6477 	DATA 	Keypress: 1
