0.0005 	WARNING 	Monitor specification not found. Creating a temporary one...
31.7951 	DATA 	Keypress: space
36.7797 	DATA 	Keypress: space
44.7345 	DATA 	Keypress: space
47.1819 	DATA 	Keypress: j
49.3134 	DATA 	Keypress: f
51.5797 	DATA 	Keypress: j
53.8294 	DATA 	Keypress: j
56.2677 	DATA 	Keypress: f
58.3795 	DATA 	Keypress: f
60.6462 	DATA 	Keypress: j
62.8978 	DATA 	Keypress: j
64.8630 	DATA 	Keypress: j
67.1126 	DATA 	Keypress: j
69.7497 	DATA 	Keypress: j
71.9453 	DATA 	Keypress: f
74.2121 	DATA 	Keypress: f
76.1008 	DATA 	Keypress: j
78.4468 	DATA 	Keypress: j
83.2636 	DATA 	Keypress: j
85.5474 	DATA 	Keypress: f
87.7962 	DATA 	Keypress: j
89.7465 	DATA 	Keypress: f
91.9508 	DATA 	Keypress: f
94.5976 	DATA 	Keypress: f
99.1137 	DATA 	Keypress: j
101.3650 	DATA 	Keypress: j
103.6629 	DATA 	Keypress: f
105.9130 	DATA 	Keypress: j
107.7855 	DATA 	Keypress: j
110.4470 	DATA 	Keypress: j
112.3287 	DATA 	Keypress: j
114.6013 	DATA 	Keypress: j
117.2135 	DATA 	Keypress: f
119.4795 	DATA 	Keypress: j
121.7632 	DATA 	Keypress: f
123.6672 	DATA 	Keypress: j
126.2796 	DATA 	Keypress: j
128.2466 	DATA 	Keypress: f
130.8307 	DATA 	Keypress: j
133.0965 	DATA 	Keypress: f
135.3464 	DATA 	Keypress: j
137.6142 	DATA 	Keypress: j
139.8950 	DATA 	Keypress: j
142.1470 	DATA 	Keypress: j
144.3976 	DATA 	Keypress: f
146.6806 	DATA 	Keypress: j
148.9299 	DATA 	Keypress: f
150.8471 	DATA 	Keypress: j
153.4462 	DATA 	Keypress: f
155.3971 	DATA 	Keypress: j
157.5505 	DATA 	Keypress: f
159.8673 	DATA 	Keypress: f
162.1635 	DATA 	Keypress: j
164.3836 	DATA 	Keypress: j
166.5993 	DATA 	Keypress: f
168.9123 	DATA 	Keypress: j
171.1614 	DATA 	Keypress: f
173.4503 	DATA 	Keypress: j
176.0967 	DATA 	Keypress: f
178.3463 	DATA 	Keypress: f
180.6137 	DATA 	Keypress: f
182.8799 	DATA 	Keypress: f
185.1466 	DATA 	Keypress: j
187.0800 	DATA 	Keypress: j
189.6622 	DATA 	Keypress: j
191.9301 	DATA 	Keypress: f
194.2300 	DATA 	Keypress: f
196.5136 	DATA 	Keypress: j
198.4637 	DATA 	Keypress: j
201.0637 	DATA 	Keypress: j
203.0121 	DATA 	Keypress: f
205.2334 	DATA 	Keypress: f
207.4283 	DATA 	Keypress: j
209.7009 	DATA 	Keypress: f
211.9823 	DATA 	Keypress: j
214.3005 	DATA 	Keypress: j
216.5948 	DATA 	Keypress: f
219.0169 	DATA 	Keypress: f
221.1852 	DATA 	Keypress: j
223.4447 	DATA 	Keypress: f
225.7448 	DATA 	Keypress: f
228.0165 	DATA 	Keypress: j
230.3335 	DATA 	Keypress: j
232.5670 	DATA 	Keypress: f
234.8000 	DATA 	Keypress: f
237.0341 	DATA 	Keypress: j
239.3798 	DATA 	Keypress: j
241.5165 	DATA 	Keypress: j
243.8837 	DATA 	Keypress: j
246.5635 	DATA 	Keypress: j
248.8304 	DATA 	Keypress: j
251.0805 	DATA 	Keypress: j
253.3477 	DATA 	Keypress: j
256.0453 	DATA 	Keypress: f
257.8965 	DATA 	Keypress: j
260.1461 	DATA 	Keypress: f
262.5643 	DATA 	Keypress: j
264.7289 	DATA 	Keypress: f
266.9473 	DATA 	Keypress: f
269.1968 	DATA 	Keypress: j
271.4646 	DATA 	Keypress: f
281.7468 	DATA 	Keypress: space
284.3792 	DATA 	Keypress: f
286.1180 	DATA 	Keypress: f
288.3435 	DATA 	Keypress: f
290.6406 	DATA 	Keypress: j
292.9071 	DATA 	Keypress: j
295.0795 	DATA 	Keypress: f
297.3311 	DATA 	Keypress: j
299.5812 	DATA 	Keypress: f
301.8304 	DATA 	Keypress: j
304.0787 	DATA 	Keypress: f
305.8787 	DATA 	Keypress: j
308.5799 	DATA 	Keypress: j
310.8297 	DATA 	Keypress: f
313.0798 	DATA 	Keypress: j
315.3301 	DATA 	Keypress: j
317.6999 	DATA 	Keypress: j
319.8898 	DATA 	Keypress: j
322.0804 	DATA 	Keypress: j
324.7082 	DATA 	Keypress: f
326.5968 	DATA 	Keypress: j
328.8457 	DATA 	Keypress: j
331.0962 	DATA 	Keypress: j
332.9459 	DATA 	Keypress: f
335.5974 	DATA 	Keypress: f
337.8639 	DATA 	Keypress: j
340.1140 	DATA 	Keypress: f
342.3637 	DATA 	Keypress: f
344.6128 	DATA 	Keypress: f
346.8640 	DATA 	Keypress: f
349.1125 	DATA 	Keypress: j
351.3625 	DATA 	Keypress: j
353.1619 	DATA 	Keypress: f
355.5462 	DATA 	Keypress: f
358.1132 	DATA 	Keypress: f
360.3631 	DATA 	Keypress: j
364.8633 	DATA 	Keypress: j
367.1135 	DATA 	Keypress: f
368.7784 	DATA 	Keypress: j
371.6140 	DATA 	Keypress: j
373.8650 	DATA 	Keypress: j
376.1300 	DATA 	Keypress: j
378.3796 	DATA 	Keypress: j
380.6304 	DATA 	Keypress: j
382.8797 	DATA 	Keypress: f
385.1300 	DATA 	Keypress: f
387.3787 	DATA 	Keypress: j
389.6296 	DATA 	Keypress: j
391.8819 	DATA 	Keypress: j
394.1464 	DATA 	Keypress: f
396.3961 	DATA 	Keypress: j
398.6470 	DATA 	Keypress: j
400.8954 	DATA 	Keypress: j
403.1473 	DATA 	Keypress: f
405.3964 	DATA 	Keypress: j
407.6471 	DATA 	Keypress: j
409.8956 	DATA 	Keypress: f
412.1464 	DATA 	Keypress: f
414.3978 	DATA 	Keypress: j
416.6473 	DATA 	Keypress: j
418.8981 	DATA 	Keypress: j
421.1466 	DATA 	Keypress: j
423.3964 	DATA 	Keypress: f
425.7977 	DATA 	Keypress: f
427.5785 	DATA 	Keypress: j
429.8465 	DATA 	Keypress: j
432.4143 	DATA 	Keypress: f
434.6635 	DATA 	Keypress: f
436.9137 	DATA 	Keypress: f
439.1642 	DATA 	Keypress: j
441.4126 	DATA 	Keypress: f
443.6630 	DATA 	Keypress: f
445.9131 	DATA 	Keypress: f
447.7628 	DATA 	Keypress: j
450.4141 	DATA 	Keypress: j
452.6639 	DATA 	Keypress: j
454.9136 	DATA 	Keypress: j
457.1638 	DATA 	Keypress: j
459.0797 	DATA 	Keypress: j
461.7023 	DATA 	Keypress: f
463.9122 	DATA 	Keypress: f
466.1633 	DATA 	Keypress: j
468.4361 	DATA 	Keypress: j
470.6637 	DATA 	Keypress: f
472.9137 	DATA 	Keypress: j
474.7955 	DATA 	Keypress: j
477.0961 	DATA 	Keypress: f
479.6638 	DATA 	Keypress: f
481.9129 	DATA 	Keypress: j
484.1618 	DATA 	Keypress: f
486.4145 	DATA 	Keypress: f
488.6640 	DATA 	Keypress: j
490.9135 	DATA 	Keypress: j
492.8454 	DATA 	Keypress: f
495.4130 	DATA 	Keypress: f
497.3292 	DATA 	Keypress: f
499.9130 	DATA 	Keypress: j
501.7625 	DATA 	Keypress: f
502.1628 	DATA 	Keypress: g
504.4298 	DATA 	Keypress: f
506.6801 	DATA 	Keypress: j
511.3488 	DATA 	Keypress: space
514.1614 	DATA 	Keypress: j
516.0994 	DATA 	Keypress: j
517.9468 	DATA 	Keypress: j
520.2744 	DATA 	Keypress: j
522.5056 	DATA 	Keypress: j
524.7131 	DATA 	Keypress: j
526.6635 	DATA 	Keypress: j
529.2485 	DATA 	Keypress: j
531.6525 	DATA 	Keypress: j
533.7807 	DATA 	Keypress: j
536.0310 	DATA 	Keypress: j
538.3391 	DATA 	Keypress: j
540.2309 	DATA 	Keypress: j
542.8473 	DATA 	Keypress: j
544.7118 	DATA 	Keypress: j
547.3633 	DATA 	Keypress: j
549.6141 	DATA 	Keypress: j
551.8812 	DATA 	Keypress: j
554.1310 	DATA 	Keypress: j
556.3964 	DATA 	Keypress: j
558.2845 	DATA 	Keypress: j
560.9306 	DATA 	Keypress: j
563.2557 	DATA 	Keypress: j
565.4632 	DATA 	Keypress: j
567.7307 	DATA 	Keypress: j
569.9972 	DATA 	Keypress: j
572.2640 	DATA 	Keypress: j
574.5296 	DATA 	Keypress: j
576.7981 	DATA 	Keypress: j
579.0476 	DATA 	Keypress: j
580.9628 	DATA 	Keypress: j
585.8471 	DATA 	Keypress: j
588.0977 	DATA 	Keypress: j
590.3637 	DATA 	Keypress: j
592.6308 	DATA 	Keypress: j
594.8959 	DATA 	Keypress: j
597.1468 	DATA 	Keypress: j
599.4143 	DATA 	Keypress: j
601.6629 	DATA 	Keypress: j
603.9296 	DATA 	Keypress: j
606.1800 	DATA 	Keypress: j
608.5863 	DATA 	Keypress: f
610.7140 	DATA 	Keypress: j
612.9803 	DATA 	Keypress: j
615.2461 	DATA 	Keypress: j
617.5138 	DATA 	Keypress: f
619.7807 	DATA 	Keypress: j
622.0310 	DATA 	Keypress: j
624.2969 	DATA 	Keypress: j
626.5642 	DATA 	Keypress: f
628.8460 	DATA 	Keypress: j
631.0964 	DATA 	Keypress: f
633.4362 	DATA 	Keypress: f
637.4680 	DATA 	Keypress: j
640.1471 	DATA 	Keypress: j
642.4147 	DATA 	Keypress: j
644.2678 	DATA 	Keypress: j
646.9643 	DATA 	Keypress: f
649.2298 	DATA 	Keypress: j
651.4971 	DATA 	Keypress: j
653.7802 	DATA 	Keypress: j
655.7470 	DATA 	Keypress: j
658.5065 	DATA 	Keypress: j
660.5962 	DATA 	Keypress: j
664.7009 	DATA 	Keypress: j
669.1462 	DATA 	Keypress: f
671.9464 	DATA 	Keypress: j
674.2128 	DATA 	Keypress: f
676.4640 	DATA 	Keypress: f
680.5855 	DATA 	Keypress: j
683.6738 	DATA 	Keypress: j
685.5291 	DATA 	Keypress: f
687.3844 	DATA 	Keypress: j
689.7000 	DATA 	Keypress: f
692.3301 	DATA 	Keypress: f
694.2643 	DATA 	Keypress: j
696.4626 	DATA 	Keypress: f
699.3353 	DATA 	Keypress: j
701.0974 	DATA 	Keypress: j
703.7163 	DATA 	Keypress: j
705.9313 	DATA 	Keypress: j
708.2146 	DATA 	Keypress: j
709.9468 	DATA 	Keypress: j
712.2022 	DATA 	Keypress: j
714.4846 	DATA 	Keypress: j
716.6790 	DATA 	Keypress: j
719.4969 	DATA 	Keypress: f
721.7645 	DATA 	Keypress: j
723.7328 	DATA 	Keypress: j
725.9969 	DATA 	Keypress: f
728.5944 	DATA 	Keypress: f
730.8474 	DATA 	Keypress: f
732.5849 	DATA 	Keypress: j
735.3795 	DATA 	Keypress: j
737.6469 	DATA 	Keypress: j
755.1590 	DATA 	Keypress: space
758.0431 	DATA 	Keypress: 1
760.6864 	DATA 	Keypress: 1
764.0353 	DATA 	Keypress: 2
767.5604 	DATA 	Keypress: 2
770.1874 	DATA 	Keypress: 1
772.5429 	DATA 	Keypress: 1
775.5453 	DATA 	Keypress: 2
777.8512 	DATA 	Keypress: 2
781.0742 	DATA 	Keypress: 2
783.2451 	DATA 	Keypress: 1
785.3859 	DATA 	Keypress: 1
787.2387 	DATA 	Keypress: 2
789.5327 	DATA 	Keypress: 2
795.0490 	DATA 	Keypress: 2
797.6146 	DATA 	Keypress: 2
799.7733 	DATA 	Keypress: 1
801.9245 	DATA 	Keypress: 1
803.8009 	DATA 	Keypress: 2
806.3943 	DATA 	Keypress: 2
808.4230 	DATA 	Keypress: 2
812.2706 	DATA 	Keypress: 2
816.0438 	DATA 	Keypress: 3
818.1335 	DATA 	Keypress: 2
822.6131 	DATA 	Keypress: 2
825.4980 	DATA 	Keypress: 3
827.6881 	DATA 	Keypress: 2
829.6871 	DATA 	Keypress: 2
832.4076 	DATA 	Keypress: 1
834.6798 	DATA 	Keypress: 1
836.9755 	DATA 	Keypress: 2
839.1021 	DATA 	Keypress: 2
840.6796 	DATA 	Keypress: 1
843.7880 	DATA 	Keypress: 2
846.5789 	DATA 	Keypress: 3
848.9795 	DATA 	Keypress: 2
851.1024 	DATA 	Keypress: 2
853.3853 	DATA 	Keypress: 2
855.3760 	DATA 	Keypress: 1
857.4810 	DATA 	Keypress: 1
859.7209 	DATA 	Keypress: 2
863.2359 	DATA 	Keypress: 2
865.3400 	DATA 	Keypress: 1
867.6652 	DATA 	Keypress: 3
870.0577 	DATA 	Keypress: 3
872.4487 	DATA 	Keypress: 2
874.5945 	DATA 	Keypress: 1
876.5815 	DATA 	Keypress: 2
878.6696 	DATA 	Keypress: 1
880.6621 	DATA 	Keypress: 2
882.7422 	DATA 	Keypress: 2
884.6115 	DATA 	Keypress: 1
886.5997 	DATA 	Keypress: 2
889.1044 	DATA 	Keypress: 2
890.9405 	DATA 	Keypress: 1
