0.0005 	WARNING 	Monitor specification not found. Creating a temporary one...
18.9834 	DATA 	Keypress: space
24.9934 	DATA 	Keypress: space
32.4450 	DATA 	Keypress: space
35.5746 	DATA 	Keypress: j
38.0564 	DATA 	Keypress: j
39.3849 	DATA 	Keypress: j
41.0246 	DATA 	Keypress: j
43.4023 	DATA 	Keypress: j
45.7905 	DATA 	Keypress: j
48.5643 	DATA 	Keypress: j
50.3738 	DATA 	Keypress: j
52.9878 	DATA 	Keypress: j
54.7025 	DATA 	Keypress: j
57.0743 	DATA 	Keypress: j
59.8363 	DATA 	Keypress: j
62.0862 	DATA 	Keypress: j
64.3699 	DATA 	Keypress: j
66.6375 	DATA 	Keypress: j
68.2184 	DATA 	Keypress: j
70.6576 	DATA 	Keypress: j
72.8906 	DATA 	Keypress: j
73.8617 	DATA 	Keypress: space
74.6231 	DATA 	Keypress: j
77.1743 	DATA 	Keypress: j
79.2412 	DATA 	Keypress: j
82.0242 	DATA 	Keypress: j
84.7873 	DATA 	Keypress: j
87.0369 	DATA 	Keypress: j
88.8907 	DATA 	Keypress: j
90.9081 	DATA 	Keypress: j
93.4750 	DATA 	Keypress: j
95.7582 	DATA 	Keypress: j
98.3875 	DATA 	Keypress: j
100.2241 	DATA 	Keypress: j
102.9207 	DATA 	Keypress: j
104.5904 	DATA 	Keypress: j
107.0020 	DATA 	Keypress: j
109.1410 	DATA 	Keypress: j
111.3242 	DATA 	Keypress: j
113.7187 	DATA 	Keypress: j
116.0908 	DATA 	Keypress: f
118.0584 	DATA 	Keypress: j
120.3241 	DATA 	Keypress: j
122.5747 	DATA 	Keypress: j
124.5736 	DATA 	Keypress: j
127.3854 	DATA 	Keypress: j
129.3909 	DATA 	Keypress: j
131.4244 	DATA 	Keypress: j
133.9193 	DATA 	Keypress: j
136.4190 	DATA 	Keypress: j
138.6245 	DATA 	Keypress: j
140.9035 	DATA 	Keypress: j
143.3407 	DATA 	Keypress: j
146.0037 	DATA 	Keypress: j
147.7077 	DATA 	Keypress: j
149.9912 	DATA 	Keypress: j
152.0748 	DATA 	Keypress: j
154.2914 	DATA 	Keypress: j
156.8236 	DATA 	Keypress: j
158.8748 	DATA 	Keypress: j
161.1573 	DATA 	Keypress: j
163.3080 	DATA 	Keypress: j
166.3696 	DATA 	Keypress: j
168.0021 	DATA 	Keypress: j
170.1524 	DATA 	Keypress: j
172.3235 	DATA 	Keypress: j
174.7249 	DATA 	Keypress: j
176.9427 	DATA 	Keypress: j
179.2581 	DATA 	Keypress: j
181.8023 	DATA 	Keypress: j
183.8859 	DATA 	Keypress: j
186.0413 	DATA 	Keypress: j
188.0744 	DATA 	Keypress: j
190.6083 	DATA 	Keypress: j
192.8895 	DATA 	Keypress: j
194.2743 	DATA 	Keypress: j
197.0748 	DATA 	Keypress: j
199.4412 	DATA 	Keypress: j
201.6249 	DATA 	Keypress: j
204.0579 	DATA 	Keypress: j
206.1752 	DATA 	Keypress: j
208.3685 	DATA 	Keypress: j
210.8909 	DATA 	Keypress: j
213.3920 	DATA 	Keypress: j
215.5080 	DATA 	Keypress: j
217.7074 	DATA 	Keypress: j
220.0399 	DATA 	Keypress: j
222.3577 	DATA 	Keypress: j
224.5587 	DATA 	Keypress: j
226.9690 	DATA 	Keypress: j
229.0901 	DATA 	Keypress: j
231.3577 	DATA 	Keypress: j
233.6741 	DATA 	Keypress: j
236.0571 	DATA 	Keypress: j
238.1689 	DATA 	Keypress: j
240.5246 	DATA 	Keypress: j
242.7588 	DATA 	Keypress: j
245.1076 	DATA 	Keypress: j
247.3517 	DATA 	Keypress: j
249.6077 	DATA 	Keypress: j
251.8409 	DATA 	Keypress: j
253.9934 	DATA 	Keypress: j
255.7755 	DATA 	Keypress: j
258.5738 	DATA 	Keypress: j
264.0239 	DATA 	Keypress: space
266.1206 	DATA 	Keypress: j
268.0542 	DATA 	Keypress: j
270.3210 	DATA 	Keypress: j
273.3270 	DATA 	Keypress: f
275.2262 	DATA 	Keypress: f
276.9024 	DATA 	Keypress: j
279.7034 	DATA 	Keypress: j
281.9716 	DATA 	Keypress: j
284.6410 	DATA 	Keypress: j
285.8895 	DATA 	Keypress: j
288.2079 	DATA 	Keypress: j
291.0041 	DATA 	Keypress: j
292.8520 	DATA 	Keypress: f
295.0534 	DATA 	Keypress: j
297.4417 	DATA 	Keypress: f
300.0545 	DATA 	Keypress: j
301.9696 	DATA 	Keypress: f
304.1410 	DATA 	Keypress: j
306.8371 	DATA 	Keypress: f
308.6908 	DATA 	Keypress: j
311.3539 	DATA 	Keypress: f
313.0858 	DATA 	Keypress: j
315.4363 	DATA 	Keypress: j
317.4919 	DATA 	Keypress: j
320.4043 	DATA 	Keypress: f
322.6704 	DATA 	Keypress: f
324.4412 	DATA 	Keypress: j
327.2177 	DATA 	Keypress: f
329.0907 	DATA 	Keypress: j
331.1913 	DATA 	Keypress: j
333.3694 	DATA 	Keypress: j
335.6574 	DATA 	Keypress: j
338.0747 	DATA 	Keypress: j
340.8422 	DATA 	Keypress: f
343.0213 	DATA 	Keypress: j
344.8246 	DATA 	Keypress: f
347.5894 	DATA 	Keypress: f
349.2352 	DATA 	Keypress: j
351.3520 	DATA 	Keypress: j
353.6084 	DATA 	Keypress: j
356.1248 	DATA 	Keypress: j
358.8540 	DATA 	Keypress: f
361.1037 	DATA 	Keypress: f
363.3708 	DATA 	Keypress: f
365.1689 	DATA 	Keypress: f
367.2582 	DATA 	Keypress: j
369.6078 	DATA 	Keypress: j
372.0876 	DATA 	Keypress: f
374.7689 	DATA 	Keypress: f
376.3180 	DATA 	Keypress: j
378.7754 	DATA 	Keypress: j
380.9411 	DATA 	Keypress: f
383.3413 	DATA 	Keypress: f
385.6359 	DATA 	Keypress: f
387.6689 	DATA 	Keypress: f
389.8915 	DATA 	Keypress: j
392.8695 	DATA 	Keypress: j
395.0372 	DATA 	Keypress: j
397.3201 	DATA 	Keypress: f
399.5689 	DATA 	Keypress: j
401.3856 	DATA 	Keypress: j
403.6034 	DATA 	Keypress: f
405.8747 	DATA 	Keypress: f
408.1695 	DATA 	Keypress: j
410.3913 	DATA 	Keypress: f
412.6737 	DATA 	Keypress: f
414.9580 	DATA 	Keypress: f
417.2186 	DATA 	Keypress: j
419.5416 	DATA 	Keypress: j
421.7565 	DATA 	Keypress: f
423.9568 	DATA 	Keypress: f
426.7210 	DATA 	Keypress: j
428.9867 	DATA 	Keypress: f
430.7573 	DATA 	Keypress: f
433.0909 	DATA 	Keypress: j
435.4359 	DATA 	Keypress: f
437.5853 	DATA 	Keypress: f
439.7407 	DATA 	Keypress: j
442.0629 	DATA 	Keypress: f
444.8869 	DATA 	Keypress: j
447.1379 	DATA 	Keypress: f
449.0214 	DATA 	Keypress: f
451.1915 	DATA 	Keypress: j
453.9541 	DATA 	Keypress: f
455.7195 	DATA 	Keypress: f
458.0203 	DATA 	Keypress: j
460.2027 	DATA 	Keypress: j
462.5076 	DATA 	Keypress: j
464.6584 	DATA 	Keypress: j
466.9853 	DATA 	Keypress: j
469.3577 	DATA 	Keypress: f
471.6065 	DATA 	Keypress: j
473.8245 	DATA 	Keypress: j
476.5869 	DATA 	Keypress: j
478.3404 	DATA 	Keypress: f
480.5585 	DATA 	Keypress: f
482.8528 	DATA 	Keypress: f
485.1401 	DATA 	Keypress: j
487.3907 	DATA 	Keypress: f
489.7362 	DATA 	Keypress: f
495.2036 	DATA 	Keypress: space
497.3597 	DATA 	Keypress: d
498.4032 	DATA 	Keypress: f
499.5354 	DATA 	Keypress: f
501.7879 	DATA 	Keypress: k
503.5855 	DATA 	Keypress: k
505.8035 	DATA 	Keypress: k
506.8872 	DATA 	Keypress: j
507.9028 	DATA 	Keypress: j
510.2385 	DATA 	Keypress: j
512.6866 	DATA 	Keypress: f
514.7697 	DATA 	Keypress: j
517.0373 	DATA 	Keypress: j
519.8211 	DATA 	Keypress: f
521.6698 	DATA 	Keypress: j
523.9366 	DATA 	Keypress: f
526.0024 	DATA 	Keypress: f
528.2371 	DATA 	Keypress: j
530.5699 	DATA 	Keypress: f
533.3887 	DATA 	Keypress: j
535.3035 	DATA 	Keypress: f
537.3697 	DATA 	Keypress: j
539.5709 	DATA 	Keypress: f
542.0358 	DATA 	Keypress: f
544.6712 	DATA 	Keypress: f
546.2534 	DATA 	Keypress: j
548.5035 	DATA 	Keypress: j
551.4544 	DATA 	Keypress: j
552.9697 	DATA 	Keypress: j
555.3861 	DATA 	Keypress: f
557.8864 	DATA 	Keypress: f
559.8370 	DATA 	Keypress: j
562.1699 	DATA 	Keypress: j
564.4036 	DATA 	Keypress: j
566.5363 	DATA 	Keypress: j
569.0188 	DATA 	Keypress: f
571.7876 	DATA 	Keypress: j
573.4375 	DATA 	Keypress: j
575.9532 	DATA 	Keypress: f
577.9201 	DATA 	Keypress: j
580.1860 	DATA 	Keypress: j
583.0540 	DATA 	Keypress: f
584.7532 	DATA 	Keypress: f
587.0029 	DATA 	Keypress: f
589.8366 	DATA 	Keypress: j
591.6536 	DATA 	Keypress: j
593.8197 	DATA 	Keypress: j
596.2023 	DATA 	Keypress: f
598.3704 	DATA 	Keypress: f
600.5534 	DATA 	Keypress: j
602.8366 	DATA 	Keypress: f
605.0521 	DATA 	Keypress: f
607.3540 	DATA 	Keypress: j
609.7361 	DATA 	Keypress: f
611.8696 	DATA 	Keypress: j
614.0212 	DATA 	Keypress: f
616.4528 	DATA 	Keypress: f
618.5032 	DATA 	Keypress: f
620.9373 	DATA 	Keypress: j
622.9855 	DATA 	Keypress: j
625.2201 	DATA 	Keypress: j
627.6703 	DATA 	Keypress: f
629.8197 	DATA 	Keypress: f
632.2041 	DATA 	Keypress: f
634.2868 	DATA 	Keypress: j
636.5202 	DATA 	Keypress: j
638.8040 	DATA 	Keypress: j
641.1874 	DATA 	Keypress: j
643.3858 	DATA 	Keypress: j
645.5028 	DATA 	Keypress: j
648.0703 	DATA 	Keypress: f
650.6891 	DATA 	Keypress: j
652.9545 	DATA 	Keypress: f
654.6527 	DATA 	Keypress: f
656.9205 	DATA 	Keypress: j
660.1860 	DATA 	Keypress: j
661.4529 	DATA 	Keypress: f
663.6367 	DATA 	Keypress: j
666.0693 	DATA 	Keypress: f
668.2371 	DATA 	Keypress: j
670.6193 	DATA 	Keypress: f
672.8203 	DATA 	Keypress: f
675.0382 	DATA 	Keypress: j
677.3030 	DATA 	Keypress: j
679.4695 	DATA 	Keypress: f
681.7372 	DATA 	Keypress: f
683.9867 	DATA 	Keypress: f
686.1528 	DATA 	Keypress: j
688.4689 	DATA 	Keypress: j
690.7867 	DATA 	Keypress: j
692.9859 	DATA 	Keypress: j
695.2541 	DATA 	Keypress: j
697.4864 	DATA 	Keypress: j
699.7198 	DATA 	Keypress: j
702.1030 	DATA 	Keypress: f
704.2198 	DATA 	Keypress: j
706.7365 	DATA 	Keypress: f
708.8530 	DATA 	Keypress: j
711.0038 	DATA 	Keypress: j
713.3045 	DATA 	Keypress: f
715.5875 	DATA 	Keypress: j
717.9031 	DATA 	Keypress: f
720.5892 	DATA 	Keypress: j
740.7375 	DATA 	Keypress: space
748.5994 	DATA 	Keypress: 2
751.9390 	DATA 	Keypress: 3
753.8257 	DATA 	Keypress: 4
756.0196 	DATA 	Keypress: 2
758.2006 	DATA 	Keypress: 1
760.5704 	DATA 	Keypress: 4
762.6132 	DATA 	Keypress: 4
765.5601 	DATA 	Keypress: 1
767.3913 	DATA 	Keypress: 2
769.5588 	DATA 	Keypress: 2
771.5406 	DATA 	Keypress: 1
774.0515 	DATA 	Keypress: 4
775.9484 	DATA 	Keypress: 4
779.4061 	DATA 	Keypress: 1
781.5250 	DATA 	Keypress: 3
783.3008 	DATA 	Keypress: 4
786.5830 	DATA 	Keypress: 4
788.5837 	DATA 	Keypress: 1
790.7254 	DATA 	Keypress: 4
792.6265 	DATA 	Keypress: 1
794.3949 	DATA 	Keypress: 4
796.2221 	DATA 	Keypress: 4
798.2381 	DATA 	Keypress: 1
800.0292 	DATA 	Keypress: 4
801.7701 	DATA 	Keypress: 1
803.7267 	DATA 	Keypress: 4
805.8577 	DATA 	Keypress: 2
807.5881 	DATA 	Keypress: 1
810.2044 	DATA 	Keypress: 3
812.5783 	DATA 	Keypress: 2
814.3791 	DATA 	Keypress: 2
816.2618 	DATA 	Keypress: 4
818.9468 	DATA 	Keypress: 1
820.8739 	DATA 	Keypress: 1
822.6648 	DATA 	Keypress: 1
824.6696 	DATA 	Keypress: 4
826.4375 	DATA 	Keypress: 1
828.2872 	DATA 	Keypress: 4
830.0931 	DATA 	Keypress: 1
832.2759 	DATA 	Keypress: 1
834.0531 	DATA 	Keypress: 2
836.1288 	DATA 	Keypress: 2
838.1900 	DATA 	Keypress: 3
839.9846 	DATA 	Keypress: 2
841.6749 	DATA 	Keypress: 1
843.5045 	DATA 	Keypress: 2
845.2542 	DATA 	Keypress: 4
847.1613 	DATA 	Keypress: 2
848.7873 	DATA 	Keypress: 1
850.7620 	DATA 	Keypress: 2
852.4235 	DATA 	Keypress: 1
854.3991 	DATA 	Keypress: 4
856.8646 	DATA 	Keypress: 1
860.0923 	DATA 	Keypress: 1
