0.0005 	WARNING 	Monitor specification not found. Creating a temporary one...
39.3591 	DATA 	Keypress: space
56.8922 	DATA 	Keypress: space
68.2672 	DATA 	Keypress: space
70.5738 	DATA 	Keypress: j
72.3740 	DATA 	Keypress: j
74.5575 	DATA 	Keypress: f
76.8906 	DATA 	Keypress: j
79.0068 	DATA 	Keypress: f
81.2236 	DATA 	Keypress: j
83.6238 	DATA 	Keypress: j
85.7241 	DATA 	Keypress: f
88.0741 	DATA 	Keypress: j
90.2405 	DATA 	Keypress: f
92.4573 	DATA 	Keypress: j
94.7736 	DATA 	Keypress: j
97.0575 	DATA 	Keypress: j
99.3903 	DATA 	Keypress: j
101.5564 	DATA 	Keypress: f
103.8249 	DATA 	Keypress: f
106.1240 	DATA 	Keypress: j
108.5904 	DATA 	Keypress: j
110.5393 	DATA 	Keypress: f
112.7896 	DATA 	Keypress: f
115.0233 	DATA 	Keypress: j
117.2737 	DATA 	Keypress: f
119.5580 	DATA 	Keypress: f
121.8237 	DATA 	Keypress: f
123.9910 	DATA 	Keypress: j
126.3571 	DATA 	Keypress: f
128.6576 	DATA 	Keypress: f
130.8895 	DATA 	Keypress: j
133.1909 	DATA 	Keypress: j
135.2899 	DATA 	Keypress: f
137.5738 	DATA 	Keypress: j
139.8574 	DATA 	Keypress: f
142.0578 	DATA 	Keypress: j
144.3730 	DATA 	Keypress: f
146.5741 	DATA 	Keypress: f
148.8578 	DATA 	Keypress: j
151.1068 	DATA 	Keypress: f
153.4072 	DATA 	Keypress: j
155.7408 	DATA 	Keypress: j
157.9565 	DATA 	Keypress: j
160.1728 	DATA 	Keypress: f
162.4065 	DATA 	Keypress: f
164.6903 	DATA 	Keypress: f
167.0395 	DATA 	Keypress: f
169.2071 	DATA 	Keypress: f
171.3730 	DATA 	Keypress: j
173.7410 	DATA 	Keypress: j
175.9067 	DATA 	Keypress: f
178.2560 	DATA 	Keypress: f
180.5402 	DATA 	Keypress: j
182.5562 	DATA 	Keypress: f
184.8909 	DATA 	Keypress: f
187.1573 	DATA 	Keypress: j
189.5071 	DATA 	Keypress: f
191.7738 	DATA 	Keypress: f
193.9230 	DATA 	Keypress: f
196.1404 	DATA 	Keypress: f
198.7406 	DATA 	Keypress: j
200.5898 	DATA 	Keypress: f
202.9237 	DATA 	Keypress: f
205.1405 	DATA 	Keypress: j
207.5067 	DATA 	Keypress: j
209.6568 	DATA 	Keypress: f
211.9735 	DATA 	Keypress: j
214.2068 	DATA 	Keypress: f
216.4413 	DATA 	Keypress: j
218.6564 	DATA 	Keypress: j
221.0243 	DATA 	Keypress: j
223.2239 	DATA 	Keypress: f
225.4918 	DATA 	Keypress: j
227.7740 	DATA 	Keypress: f
229.8746 	DATA 	Keypress: j
232.1567 	DATA 	Keypress: f
234.4087 	DATA 	Keypress: j
236.8564 	DATA 	Keypress: j
239.1743 	DATA 	Keypress: j
241.3068 	DATA 	Keypress: f
243.5746 	DATA 	Keypress: f
245.7565 	DATA 	Keypress: j
247.9904 	DATA 	Keypress: f
250.3407 	DATA 	Keypress: f
252.4734 	DATA 	Keypress: f
254.7578 	DATA 	Keypress: j
257.1075 	DATA 	Keypress: j
259.2572 	DATA 	Keypress: f
261.5897 	DATA 	Keypress: f
263.7569 	DATA 	Keypress: j
266.2575 	DATA 	Keypress: f
268.3409 	DATA 	Keypress: f
270.6585 	DATA 	Keypress: j
272.9245 	DATA 	Keypress: j
275.1568 	DATA 	Keypress: j
277.4242 	DATA 	Keypress: j
279.6079 	DATA 	Keypress: j
281.8736 	DATA 	Keypress: j
284.0746 	DATA 	Keypress: j
286.3242 	DATA 	Keypress: j
288.5408 	DATA 	Keypress: f
291.0577 	DATA 	Keypress: f
293.0900 	DATA 	Keypress: f
302.5907 	DATA 	Keypress: space
304.6915 	DATA 	Keypress: j
306.4290 	DATA 	Keypress: j
308.7280 	DATA 	Keypress: f
311.0066 	DATA 	Keypress: f
313.3398 	DATA 	Keypress: j
315.4576 	DATA 	Keypress: j
317.7447 	DATA 	Keypress: j
320.0125 	DATA 	Keypress: j
322.3283 	DATA 	Keypress: f
324.5783 	DATA 	Keypress: f
327.0060 	DATA 	Keypress: j
329.0447 	DATA 	Keypress: f
331.3126 	DATA 	Keypress: f
333.5620 	DATA 	Keypress: f
335.8737 	DATA 	Keypress: f
338.1901 	DATA 	Keypress: j
340.3727 	DATA 	Keypress: j
342.6121 	DATA 	Keypress: j
344.9774 	DATA 	Keypress: f
347.1629 	DATA 	Keypress: f
349.4613 	DATA 	Keypress: f
351.6297 	DATA 	Keypress: f
353.8622 	DATA 	Keypress: j
356.1394 	DATA 	Keypress: f
358.4611 	DATA 	Keypress: j
360.6628 	DATA 	Keypress: f
362.9948 	DATA 	Keypress: j
365.8419 	DATA 	Keypress: j
367.6226 	DATA 	Keypress: f
369.9239 	DATA 	Keypress: f
372.0950 	DATA 	Keypress: j
374.4960 	DATA 	Keypress: j
376.6790 	DATA 	Keypress: f
379.0112 	DATA 	Keypress: f
381.0616 	DATA 	Keypress: j
383.2627 	DATA 	Keypress: f
385.7227 	DATA 	Keypress: j
387.9465 	DATA 	Keypress: j
390.2290 	DATA 	Keypress: f
393.0087 	DATA 	Keypress: f
394.8113 	DATA 	Keypress: j
397.0907 	DATA 	Keypress: f
399.1452 	DATA 	Keypress: j
401.4780 	DATA 	Keypress: j
403.7569 	DATA 	Keypress: f
406.0951 	DATA 	Keypress: f
408.2953 	DATA 	Keypress: j
410.8098 	DATA 	Keypress: j
412.7628 	DATA 	Keypress: f
414.9791 	DATA 	Keypress: j
417.2292 	DATA 	Keypress: f
419.6397 	DATA 	Keypress: f
421.9066 	DATA 	Keypress: f
424.2286 	DATA 	Keypress: j
426.5293 	DATA 	Keypress: j
428.5736 	DATA 	Keypress: f
430.9291 	DATA 	Keypress: j
433.1116 	DATA 	Keypress: f
435.5612 	DATA 	Keypress: f
437.9918 	DATA 	Keypress: f
439.9788 	DATA 	Keypress: j
442.4462 	DATA 	Keypress: f
444.6456 	DATA 	Keypress: f
446.8952 	DATA 	Keypress: j
449.2920 	DATA 	Keypress: f
451.4066 	DATA 	Keypress: f
453.6623 	DATA 	Keypress: j
455.8620 	DATA 	Keypress: f
458.1622 	DATA 	Keypress: j
460.4627 	DATA 	Keypress: j
462.6732 	DATA 	Keypress: j
464.9625 	DATA 	Keypress: j
467.1446 	DATA 	Keypress: f
469.5240 	DATA 	Keypress: j
471.8065 	DATA 	Keypress: j
473.9950 	DATA 	Keypress: j
476.2798 	DATA 	Keypress: f
478.5415 	DATA 	Keypress: j
480.8116 	DATA 	Keypress: f
483.0896 	DATA 	Keypress: f
485.8252 	DATA 	Keypress: f
487.6234 	DATA 	Keypress: f
489.7952 	DATA 	Keypress: f
491.9570 	DATA 	Keypress: j
494.2735 	DATA 	Keypress: j
496.6287 	DATA 	Keypress: f
498.7902 	DATA 	Keypress: j
501.1954 	DATA 	Keypress: j
503.3069 	DATA 	Keypress: j
505.5726 	DATA 	Keypress: j
507.7800 	DATA 	Keypress: f
510.1960 	DATA 	Keypress: f
512.4618 	DATA 	Keypress: f
514.6457 	DATA 	Keypress: f
516.8286 	DATA 	Keypress: j
519.1895 	DATA 	Keypress: j
521.3739 	DATA 	Keypress: f
523.7125 	DATA 	Keypress: j
525.9295 	DATA 	Keypress: j
528.1637 	DATA 	Keypress: j
533.4110 	DATA 	Keypress: space
535.1567 	DATA 	Keypress: j
537.1131 	DATA 	Keypress: j
539.6242 	DATA 	Keypress: f
541.6453 	DATA 	Keypress: f
543.8902 	DATA 	Keypress: j
546.1130 	DATA 	Keypress: f
548.5465 	DATA 	Keypress: f
550.7129 	DATA 	Keypress: f
552.9954 	DATA 	Keypress: j
555.1570 	DATA 	Keypress: f
557.4798 	DATA 	Keypress: j
559.7117 	DATA 	Keypress: j
562.0626 	DATA 	Keypress: j
564.3624 	DATA 	Keypress: f
566.5406 	DATA 	Keypress: j
568.8125 	DATA 	Keypress: f
571.0568 	DATA 	Keypress: j
573.3460 	DATA 	Keypress: j
575.7144 	DATA 	Keypress: f
578.2241 	DATA 	Keypress: f
580.4238 	DATA 	Keypress: f
582.5464 	DATA 	Keypress: j
584.9455 	DATA 	Keypress: j
587.1793 	DATA 	Keypress: j
589.2902 	DATA 	Keypress: j
591.6571 	DATA 	Keypress: j
593.9236 	DATA 	Keypress: j
596.2624 	DATA 	Keypress: j
598.4624 	DATA 	Keypress: j
600.6636 	DATA 	Keypress: j
602.8943 	DATA 	Keypress: j
605.3129 	DATA 	Keypress: j
607.6454 	DATA 	Keypress: j
611.4064 	DATA 	Keypress: f
612.3283 	DATA 	Keypress: f
614.5293 	DATA 	Keypress: j
616.8287 	DATA 	Keypress: f
618.9295 	DATA 	Keypress: j
621.3074 	DATA 	Keypress: j
623.5067 	DATA 	Keypress: j
625.7286 	DATA 	Keypress: j
628.0958 	DATA 	Keypress: j
630.2069 	DATA 	Keypress: f
632.5958 	DATA 	Keypress: f
634.8613 	DATA 	Keypress: j
637.0235 	DATA 	Keypress: f
639.3737 	DATA 	Keypress: f
641.5959 	DATA 	Keypress: f
644.0063 	DATA 	Keypress: f
646.1964 	DATA 	Keypress: f
648.5629 	DATA 	Keypress: f
650.6797 	DATA 	Keypress: f
652.9236 	DATA 	Keypress: j
655.1786 	DATA 	Keypress: f
657.4238 	DATA 	Keypress: j
659.8787 	DATA 	Keypress: j
662.1113 	DATA 	Keypress: f
664.4394 	DATA 	Keypress: j
666.5624 	DATA 	Keypress: f
668.9960 	DATA 	Keypress: f
671.1627 	DATA 	Keypress: j
673.4961 	DATA 	Keypress: f
675.7739 	DATA 	Keypress: f
678.1626 	DATA 	Keypress: j
680.2456 	DATA 	Keypress: f
682.5115 	DATA 	Keypress: j
684.9456 	DATA 	Keypress: j
687.1408 	DATA 	Keypress: f
689.5898 	DATA 	Keypress: j
691.6127 	DATA 	Keypress: f
694.1461 	DATA 	Keypress: f
696.1240 	DATA 	Keypress: j
698.4738 	DATA 	Keypress: j
700.8289 	DATA 	Keypress: j
703.2404 	DATA 	Keypress: j
705.1950 	DATA 	Keypress: j
707.6124 	DATA 	Keypress: j
709.7560 	DATA 	Keypress: j
712.2118 	DATA 	Keypress: j
714.3457 	DATA 	Keypress: j
716.6796 	DATA 	Keypress: j
719.1790 	DATA 	Keypress: j
721.3572 	DATA 	Keypress: j
723.7286 	DATA 	Keypress: j
725.9296 	DATA 	Keypress: j
728.2922 	DATA 	Keypress: j
730.8914 	DATA 	Keypress: j
732.7786 	DATA 	Keypress: j
734.9962 	DATA 	Keypress: j
737.1958 	DATA 	Keypress: j
739.5076 	DATA 	Keypress: j
741.6900 	DATA 	Keypress: j
744.0910 	DATA 	Keypress: j
746.1788 	DATA 	Keypress: j
748.5120 	DATA 	Keypress: j
750.8795 	DATA 	Keypress: j
753.1732 	DATA 	Keypress: f
755.2624 	DATA 	Keypress: j
757.5898 	DATA 	Keypress: f
759.7634 	DATA 	Keypress: f
778.9356 	DATA 	Keypress: space
782.6192 	DATA 	Keypress: 4
784.8218 	DATA 	Keypress: 3
787.3642 	DATA 	Keypress: 2
789.5536 	DATA 	Keypress: 4
791.5098 	DATA 	Keypress: 2
793.3911 	DATA 	Keypress: 2
795.4643 	DATA 	Keypress: 4
797.4553 	DATA 	Keypress: 2
799.3289 	DATA 	Keypress: 2
801.6329 	DATA 	Keypress: 4
803.2781 	DATA 	Keypress: 1
805.0454 	DATA 	Keypress: 1
806.9411 	DATA 	Keypress: 1
809.8340 	DATA 	Keypress: 3
812.0830 	DATA 	Keypress: 3
814.0522 	DATA 	Keypress: 2
816.0578 	DATA 	Keypress: 4
817.8836 	DATA 	Keypress: 2
819.4898 	DATA 	Keypress: 2
821.2407 	DATA 	Keypress: 2
823.4199 	DATA 	Keypress: 4
824.9407 	DATA 	Keypress: 1
826.8786 	DATA 	Keypress: 1
828.5243 	DATA 	Keypress: 1
830.8312 	DATA 	Keypress: 4
832.6013 	DATA 	Keypress: 4
834.1562 	DATA 	Keypress: 2
836.2820 	DATA 	Keypress: 1
837.9623 	DATA 	Keypress: 1
839.6961 	DATA 	Keypress: 2
841.8935 	DATA 	Keypress: 4
843.7159 	DATA 	Keypress: 2
845.6281 	DATA 	Keypress: 2
847.3759 	DATA 	Keypress: 1
850.0908 	DATA 	Keypress: 4
851.9427 	DATA 	Keypress: 3
853.6741 	DATA 	Keypress: 2
855.1745 	DATA 	Keypress: 1
857.4003 	DATA 	Keypress: 4
859.5802 	DATA 	Keypress: 2
861.1567 	DATA 	Keypress: 2
862.8074 	DATA 	Keypress: 2
864.8569 	DATA 	Keypress: 4
866.6897 	DATA 	Keypress: 4
868.3281 	DATA 	Keypress: 1
870.2258 	DATA 	Keypress: 4
872.0214 	DATA 	Keypress: 4
873.7071 	DATA 	Keypress: 4
875.3920 	DATA 	Keypress: 4
877.1949 	DATA 	Keypress: 1
878.9288 	DATA 	Keypress: 3
880.4947 	DATA 	Keypress: 2
882.5574 	DATA 	Keypress: 4
884.0233 	DATA 	Keypress: 2
